2024-02-19T22:23:45.717+03:00  INFO 43482 --- [restartedMain] c.jrp.pma.ProjectManagementApplication   : Starting ProjectManagementApplication using Java 17.0.10 with PID 43482 (/Users/burak/Dev/Spring Workspace/project-management-app/target/classes started by burak in /Users/burak/Dev/Spring Workspace/project-management-app)
2024-02-19T22:23:45.717+03:00 DEBUG 43482 --- [restartedMain] c.jrp.pma.ProjectManagementApplication   : Running with Spring Boot v3.2.2, Spring v6.1.3
2024-02-19T22:23:45.717+03:00  INFO 43482 --- [restartedMain] c.jrp.pma.ProjectManagementApplication   : The following 1 profile is active: "dev"
2024-02-19T22:23:45.776+03:00  INFO 43482 --- [restartedMain] .s.d.r.c.RepositoryConfigurationDelegate : Bootstrapping Spring Data JPA repositories in DEFAULT mode.
2024-02-19T22:23:45.779+03:00  INFO 43482 --- [restartedMain] .s.d.r.c.RepositoryConfigurationDelegate : Finished Spring Data repository scanning in 3 ms. Found 2 JPA repository interfaces.
2024-02-19T22:23:45.817+03:00  INFO 43482 --- [restartedMain] o.s.b.w.embedded.tomcat.TomcatWebServer  : Tomcat initialized with port 8080 (http)
2024-02-19T22:23:45.821+03:00  INFO 43482 --- [restartedMain] w.s.c.ServletWebServerApplicationContext : Root WebApplicationContext: initialization completed in 103 ms
2024-02-19T22:23:45.833+03:00  INFO 43482 --- [restartedMain] o.s.b.a.h2.H2ConsoleAutoConfiguration    : H2 console available at '/h2-console'. Database available at 'jdbc:postgresql://localhost:5432/pma'
2024-02-19T22:23:45.844+03:00  INFO 43482 --- [restartedMain] o.s.o.j.p.SpringPersistenceUnitInfo      : No LoadTimeWeaver setup: ignoring JPA class transformer
2024-02-19T22:23:45.866+03:00  INFO 43482 --- [restartedMain] j.LocalContainerEntityManagerFactoryBean : Initialized JPA EntityManagerFactory for persistence unit 'default'
2024-02-19T22:23:45.896+03:00  WARN 43482 --- [restartedMain] JpaBaseConfiguration$JpaWebConfiguration : spring.jpa.open-in-view is enabled by default. Therefore, database queries may be performed during view rendering. Explicitly configure spring.jpa.open-in-view to disable this warning
2024-02-19T22:23:45.942+03:00  INFO 43482 --- [restartedMain] o.s.b.d.a.OptionalLiveReloadServer       : LiveReload server is running on port 35729
2024-02-19T22:23:45.948+03:00  INFO 43482 --- [restartedMain] o.s.b.w.embedded.tomcat.TomcatWebServer  : Tomcat started on port 8080 (http) with context path ''
2024-02-19T22:23:45.951+03:00  INFO 43482 --- [restartedMain] c.jrp.pma.ProjectManagementApplication   : Started ProjectManagementApplication in 0.253 seconds (process running for 654.171)
2024-02-19T22:23:45.952+03:00  INFO 43482 --- [restartedMain] .ConditionEvaluationDeltaLoggingListener : Condition evaluation unchanged
2024-02-19T22:24:22.445+03:00  INFO 43482 --- [http-nio-8080-exec-1] o.s.web.servlet.DispatcherServlet        : Initializing Servlet 'dispatcherServlet'
2024-02-19T22:24:22.448+03:00  INFO 43482 --- [http-nio-8080-exec-1] o.s.web.servlet.DispatcherServlet        : Completed initialization in 2 ms
2024-02-19T22:24:22.477+03:00  WARN 43482 --- [http-nio-8080-exec-1] actStandardFragmentInsertionTagProcessor : [THYMELEAF][http-nio-8080-exec-1][projects/list-projects] Deprecated unwrapped fragment expression "layouts :: header(title='PMA: Projects')" found in template projects/list-projects, line 3, col 8. Please use the complete syntax of fragment expressions instead ("~{layouts :: header(title='PMA: Projects')}"). The old, unwrapped syntax for fragment expressions will be removed in future versions of Thymeleaf.
2024-02-19T22:24:22.479+03:00  WARN 43482 --- [http-nio-8080-exec-1] actStandardFragmentInsertionTagProcessor : [THYMELEAF][http-nio-8080-exec-1][projects/list-projects] Deprecated unwrapped fragment expression "layouts :: navbar" found in template projects/list-projects, line 5, col 8. Please use the complete syntax of fragment expressions instead ("~{layouts :: navbar}"). The old, unwrapped syntax for fragment expressions will be removed in future versions of Thymeleaf.
2024-02-19T22:36:06.058+03:00  INFO 43482 --- [File Watcher] rtingClassPathChangeChangedEventListener : Restarting due to 1 class path change (0 additions, 0 deletions, 1 modification)
2024-02-19T22:36:06.071+03:00  INFO 43482 --- [Thread-24] j.LocalContainerEntityManagerFactoryBean : Closing JPA EntityManagerFactory for persistence unit 'default'
2024-02-19T22:36:06.156+03:00  INFO 43482 --- [restartedMain] c.jrp.pma.ProjectManagementApplication   : Starting ProjectManagementApplication using Java 17.0.10 with PID 43482 (/Users/burak/Dev/Spring Workspace/project-management-app/target/classes started by burak in /Users/burak/Dev/Spring Workspace/project-management-app)
2024-02-19T22:36:06.156+03:00 DEBUG 43482 --- [restartedMain] c.jrp.pma.ProjectManagementApplication   : Running with Spring Boot v3.2.2, Spring v6.1.3
2024-02-19T22:36:06.156+03:00  INFO 43482 --- [restartedMain] c.jrp.pma.ProjectManagementApplication   : The following 1 profile is active: "dev"
2024-02-19T22:36:06.218+03:00  INFO 43482 --- [restartedMain] .s.d.r.c.RepositoryConfigurationDelegate : Bootstrapping Spring Data JPA repositories in DEFAULT mode.
2024-02-19T22:36:06.221+03:00  INFO 43482 --- [restartedMain] .s.d.r.c.RepositoryConfigurationDelegate : Finished Spring Data repository scanning in 2 ms. Found 2 JPA repository interfaces.
2024-02-19T22:36:06.297+03:00  INFO 43482 --- [restartedMain] o.s.b.w.embedded.tomcat.TomcatWebServer  : Tomcat initialized with port 8080 (http)
2024-02-19T22:36:06.301+03:00  INFO 43482 --- [restartedMain] w.s.c.ServletWebServerApplicationContext : Root WebApplicationContext: initialization completed in 144 ms
2024-02-19T22:36:06.318+03:00  INFO 43482 --- [restartedMain] o.s.b.a.h2.H2ConsoleAutoConfiguration    : H2 console available at '/h2-console'. Database available at 'jdbc:postgresql://localhost:5432/pma'
2024-02-19T22:36:06.340+03:00  INFO 43482 --- [restartedMain] o.s.o.j.p.SpringPersistenceUnitInfo      : No LoadTimeWeaver setup: ignoring JPA class transformer
2024-02-19T22:36:06.364+03:00  INFO 43482 --- [restartedMain] j.LocalContainerEntityManagerFactoryBean : Initialized JPA EntityManagerFactory for persistence unit 'default'
2024-02-19T22:36:06.395+03:00  WARN 43482 --- [restartedMain] JpaBaseConfiguration$JpaWebConfiguration : spring.jpa.open-in-view is enabled by default. Therefore, database queries may be performed during view rendering. Explicitly configure spring.jpa.open-in-view to disable this warning
2024-02-19T22:36:06.452+03:00  INFO 43482 --- [restartedMain] o.s.b.d.a.OptionalLiveReloadServer       : LiveReload server is running on port 35729
2024-02-19T22:36:06.458+03:00  INFO 43482 --- [restartedMain] o.s.b.w.embedded.tomcat.TomcatWebServer  : Tomcat started on port 8080 (http) with context path ''
2024-02-19T22:36:06.461+03:00  INFO 43482 --- [restartedMain] c.jrp.pma.ProjectManagementApplication   : Started ProjectManagementApplication in 0.317 seconds (process running for 1394.722)
2024-02-19T22:36:06.462+03:00  INFO 43482 --- [restartedMain] .ConditionEvaluationDeltaLoggingListener : Condition evaluation unchanged
2024-02-19T22:36:12.305+03:00  INFO 43482 --- [http-nio-8080-exec-1] o.s.web.servlet.DispatcherServlet        : Initializing Servlet 'dispatcherServlet'
2024-02-19T22:36:12.307+03:00  INFO 43482 --- [http-nio-8080-exec-1] o.s.web.servlet.DispatcherServlet        : Completed initialization in 2 ms
2024-02-19T22:36:12.345+03:00  WARN 43482 --- [http-nio-8080-exec-1] actStandardFragmentInsertionTagProcessor : [THYMELEAF][http-nio-8080-exec-1][main/home] Deprecated unwrapped fragment expression "layouts :: header(title='PMA')" found in template main/home, line 3, col 8. Please use the complete syntax of fragment expressions instead ("~{layouts :: header(title='PMA')}"). The old, unwrapped syntax for fragment expressions will be removed in future versions of Thymeleaf.
2024-02-19T22:36:12.347+03:00  WARN 43482 --- [http-nio-8080-exec-1] actStandardFragmentInsertionTagProcessor : [THYMELEAF][http-nio-8080-exec-1][main/home] Deprecated unwrapped fragment expression "layouts :: navbar" found in template main/home, line 5, col 8. Please use the complete syntax of fragment expressions instead ("~{layouts :: navbar}"). The old, unwrapped syntax for fragment expressions will be removed in future versions of Thymeleaf.
2024-02-19T22:36:33.471+03:00  WARN 43482 --- [http-nio-8080-exec-2] actStandardFragmentInsertionTagProcessor : [THYMELEAF][http-nio-8080-exec-2][employees/list-employees] Deprecated unwrapped fragment expression "layouts :: header(title='PMA: Employees')" found in template employees/list-employees, line 3, col 8. Please use the complete syntax of fragment expressions instead ("~{layouts :: header(title='PMA: Employees')}"). The old, unwrapped syntax for fragment expressions will be removed in future versions of Thymeleaf.
2024-02-19T22:36:33.473+03:00  WARN 43482 --- [http-nio-8080-exec-2] actStandardFragmentInsertionTagProcessor : [THYMELEAF][http-nio-8080-exec-2][employees/list-employees] Deprecated unwrapped fragment expression "layouts :: navbar" found in template employees/list-employees, line 5, col 8. Please use the complete syntax of fragment expressions instead ("~{layouts :: navbar}"). The old, unwrapped syntax for fragment expressions will be removed in future versions of Thymeleaf.
2024-02-19T22:36:34.897+03:00  WARN 43482 --- [http-nio-8080-exec-3] actStandardFragmentInsertionTagProcessor : [THYMELEAF][http-nio-8080-exec-3][projects/list-projects] Deprecated unwrapped fragment expression "layouts :: header(title='PMA: Projects')" found in template projects/list-projects, line 3, col 8. Please use the complete syntax of fragment expressions instead ("~{layouts :: header(title='PMA: Projects')}"). The old, unwrapped syntax for fragment expressions will be removed in future versions of Thymeleaf.
2024-02-19T22:36:34.899+03:00  WARN 43482 --- [http-nio-8080-exec-3] actStandardFragmentInsertionTagProcessor : [THYMELEAF][http-nio-8080-exec-3][projects/list-projects] Deprecated unwrapped fragment expression "layouts :: navbar" found in template projects/list-projects, line 5, col 8. Please use the complete syntax of fragment expressions instead ("~{layouts :: navbar}"). The old, unwrapped syntax for fragment expressions will be removed in future versions of Thymeleaf.
2024-02-19T22:36:37.052+03:00  WARN 43482 --- [http-nio-8080-exec-4] actStandardFragmentInsertionTagProcessor : [THYMELEAF][http-nio-8080-exec-4][main/home] Deprecated unwrapped fragment expression "layouts :: header(title='PMA')" found in template main/home, line 3, col 8. Please use the complete syntax of fragment expressions instead ("~{layouts :: header(title='PMA')}"). The old, unwrapped syntax for fragment expressions will be removed in future versions of Thymeleaf.
2024-02-19T22:36:37.054+03:00  WARN 43482 --- [http-nio-8080-exec-4] actStandardFragmentInsertionTagProcessor : [THYMELEAF][http-nio-8080-exec-4][main/home] Deprecated unwrapped fragment expression "layouts :: navbar" found in template main/home, line 5, col 8. Please use the complete syntax of fragment expressions instead ("~{layouts :: navbar}"). The old, unwrapped syntax for fragment expressions will be removed in future versions of Thymeleaf.
2024-02-19T22:36:52.369+03:00  INFO 43482 --- [File Watcher] rtingClassPathChangeChangedEventListener : Restarting due to 1 class path change (0 additions, 0 deletions, 1 modification)
2024-02-19T22:36:52.379+03:00  INFO 43482 --- [Thread-28] j.LocalContainerEntityManagerFactoryBean : Closing JPA EntityManagerFactory for persistence unit 'default'
2024-02-19T22:36:52.457+03:00  INFO 43482 --- [restartedMain] c.jrp.pma.ProjectManagementApplication   : Starting ProjectManagementApplication using Java 17.0.10 with PID 43482 (/Users/burak/Dev/Spring Workspace/project-management-app/target/classes started by burak in /Users/burak/Dev/Spring Workspace/project-management-app)
2024-02-19T22:36:52.457+03:00 DEBUG 43482 --- [restartedMain] c.jrp.pma.ProjectManagementApplication   : Running with Spring Boot v3.2.2, Spring v6.1.3
2024-02-19T22:36:52.458+03:00  INFO 43482 --- [restartedMain] c.jrp.pma.ProjectManagementApplication   : The following 1 profile is active: "dev"
2024-02-19T22:36:52.516+03:00  INFO 43482 --- [restartedMain] .s.d.r.c.RepositoryConfigurationDelegate : Bootstrapping Spring Data JPA repositories in DEFAULT mode.
2024-02-19T22:36:52.518+03:00  INFO 43482 --- [restartedMain] .s.d.r.c.RepositoryConfigurationDelegate : Finished Spring Data repository scanning in 2 ms. Found 2 JPA repository interfaces.
2024-02-19T22:36:52.554+03:00  INFO 43482 --- [restartedMain] o.s.b.w.embedded.tomcat.TomcatWebServer  : Tomcat initialized with port 8080 (http)
2024-02-19T22:36:52.558+03:00  INFO 43482 --- [restartedMain] w.s.c.ServletWebServerApplicationContext : Root WebApplicationContext: initialization completed in 100 ms
2024-02-19T22:36:52.573+03:00  INFO 43482 --- [restartedMain] o.s.b.a.h2.H2ConsoleAutoConfiguration    : H2 console available at '/h2-console'. Database available at 'jdbc:postgresql://localhost:5432/pma'
2024-02-19T22:36:52.590+03:00  INFO 43482 --- [restartedMain] o.s.o.j.p.SpringPersistenceUnitInfo      : No LoadTimeWeaver setup: ignoring JPA class transformer
2024-02-19T22:36:52.616+03:00  INFO 43482 --- [restartedMain] j.LocalContainerEntityManagerFactoryBean : Initialized JPA EntityManagerFactory for persistence unit 'default'
2024-02-19T22:36:52.647+03:00  WARN 43482 --- [restartedMain] JpaBaseConfiguration$JpaWebConfiguration : spring.jpa.open-in-view is enabled by default. Therefore, database queries may be performed during view rendering. Explicitly configure spring.jpa.open-in-view to disable this warning
2024-02-19T22:36:52.694+03:00  INFO 43482 --- [restartedMain] o.s.b.d.a.OptionalLiveReloadServer       : LiveReload server is running on port 35729
2024-02-19T22:36:52.700+03:00  INFO 43482 --- [restartedMain] o.s.b.w.embedded.tomcat.TomcatWebServer  : Tomcat started on port 8080 (http) with context path ''
2024-02-19T22:36:52.703+03:00  INFO 43482 --- [restartedMain] c.jrp.pma.ProjectManagementApplication   : Started ProjectManagementApplication in 0.256 seconds (process running for 1440.966)
2024-02-19T22:36:52.703+03:00  INFO 43482 --- [restartedMain] .ConditionEvaluationDeltaLoggingListener : Condition evaluation unchanged
2024-02-19T22:36:55.544+03:00  INFO 43482 --- [http-nio-8080-exec-1] o.s.web.servlet.DispatcherServlet        : Initializing Servlet 'dispatcherServlet'
2024-02-19T22:36:55.548+03:00  INFO 43482 --- [http-nio-8080-exec-1] o.s.web.servlet.DispatcherServlet        : Completed initialization in 3 ms
2024-02-19T22:36:55.585+03:00  WARN 43482 --- [http-nio-8080-exec-1] actStandardFragmentInsertionTagProcessor : [THYMELEAF][http-nio-8080-exec-1][main/home] Deprecated unwrapped fragment expression "layouts :: header(title='PMA')" found in template main/home, line 3, col 8. Please use the complete syntax of fragment expressions instead ("~{layouts :: header(title='PMA')}"). The old, unwrapped syntax for fragment expressions will be removed in future versions of Thymeleaf.
2024-02-19T22:36:55.587+03:00  WARN 43482 --- [http-nio-8080-exec-1] actStandardFragmentInsertionTagProcessor : [THYMELEAF][http-nio-8080-exec-1][main/home] Deprecated unwrapped fragment expression "layouts :: navbar" found in template main/home, line 5, col 8. Please use the complete syntax of fragment expressions instead ("~{layouts :: navbar}"). The old, unwrapped syntax for fragment expressions will be removed in future versions of Thymeleaf.
2024-02-19T22:37:08.289+03:00  INFO 43482 --- [File Watcher] rtingClassPathChangeChangedEventListener : Restarting due to 1 class path change (0 additions, 0 deletions, 1 modification)
2024-02-19T22:37:08.301+03:00  INFO 43482 --- [Thread-32] j.LocalContainerEntityManagerFactoryBean : Closing JPA EntityManagerFactory for persistence unit 'default'
2024-02-19T22:37:08.354+03:00  INFO 43482 --- [restartedMain] c.jrp.pma.ProjectManagementApplication   : Starting ProjectManagementApplication using Java 17.0.10 with PID 43482 (/Users/burak/Dev/Spring Workspace/project-management-app/target/classes started by burak in /Users/burak/Dev/Spring Workspace/project-management-app)
2024-02-19T22:37:08.354+03:00 DEBUG 43482 --- [restartedMain] c.jrp.pma.ProjectManagementApplication   : Running with Spring Boot v3.2.2, Spring v6.1.3
2024-02-19T22:37:08.354+03:00  INFO 43482 --- [restartedMain] c.jrp.pma.ProjectManagementApplication   : The following 1 profile is active: "dev"
2024-02-19T22:37:08.403+03:00  INFO 43482 --- [restartedMain] .s.d.r.c.RepositoryConfigurationDelegate : Bootstrapping Spring Data JPA repositories in DEFAULT mode.
2024-02-19T22:37:08.405+03:00  INFO 43482 --- [restartedMain] .s.d.r.c.RepositoryConfigurationDelegate : Finished Spring Data repository scanning in 2 ms. Found 2 JPA repository interfaces.
2024-02-19T22:37:08.442+03:00  INFO 43482 --- [restartedMain] o.s.b.w.embedded.tomcat.TomcatWebServer  : Tomcat initialized with port 8080 (http)
2024-02-19T22:37:08.446+03:00  INFO 43482 --- [restartedMain] w.s.c.ServletWebServerApplicationContext : Root WebApplicationContext: initialization completed in 91 ms
2024-02-19T22:37:08.481+03:00  INFO 43482 --- [restartedMain] o.s.b.a.h2.H2ConsoleAutoConfiguration    : H2 console available at '/h2-console'. Database available at 'jdbc:postgresql://localhost:5432/pma'
2024-02-19T22:37:08.498+03:00  INFO 43482 --- [restartedMain] o.s.o.j.p.SpringPersistenceUnitInfo      : No LoadTimeWeaver setup: ignoring JPA class transformer
2024-02-19T22:37:08.522+03:00  INFO 43482 --- [restartedMain] j.LocalContainerEntityManagerFactoryBean : Initialized JPA EntityManagerFactory for persistence unit 'default'
2024-02-19T22:37:08.561+03:00  WARN 43482 --- [restartedMain] JpaBaseConfiguration$JpaWebConfiguration : spring.jpa.open-in-view is enabled by default. Therefore, database queries may be performed during view rendering. Explicitly configure spring.jpa.open-in-view to disable this warning
2024-02-19T22:37:08.609+03:00  INFO 43482 --- [restartedMain] o.s.b.d.a.OptionalLiveReloadServer       : LiveReload server is running on port 35729
2024-02-19T22:37:08.615+03:00  INFO 43482 --- [restartedMain] o.s.b.w.embedded.tomcat.TomcatWebServer  : Tomcat started on port 8080 (http) with context path ''
2024-02-19T22:37:08.617+03:00  INFO 43482 --- [restartedMain] c.jrp.pma.ProjectManagementApplication   : Started ProjectManagementApplication in 0.273 seconds (process running for 1456.881)
2024-02-19T22:37:08.618+03:00  INFO 43482 --- [restartedMain] .ConditionEvaluationDeltaLoggingListener : Condition evaluation unchanged
2024-02-19T22:37:12.317+03:00  INFO 43482 --- [http-nio-8080-exec-1] o.s.web.servlet.DispatcherServlet        : Initializing Servlet 'dispatcherServlet'
2024-02-19T22:37:12.318+03:00  INFO 43482 --- [http-nio-8080-exec-1] o.s.web.servlet.DispatcherServlet        : Completed initialization in 1 ms
2024-02-19T22:37:12.322+03:00 DEBUG 43482 --- [http-nio-8080-exec-1] c.j.pma.logging.ApplicationLoggerAspect  : 
------Before Controller------

2024-02-19T22:37:12.324+03:00 DEBUG 43482 --- [http-nio-8080-exec-1] c.j.pma.logging.ApplicationLoggerAspect  : com.jrp.pma.controllers.HomeController

2024-02-19T22:37:12.324+03:00 DEBUG 43482 --- [http-nio-8080-exec-1] c.j.pma.logging.ApplicationLoggerAspect  : displayHome

2024-02-19T22:37:12.324+03:00 DEBUG 43482 --- [http-nio-8080-exec-1] c.j.pma.logging.ApplicationLoggerAspect  : [{}]

2024-02-19T22:37:12.324+03:00 DEBUG 43482 --- [http-nio-8080-exec-1] c.j.pma.logging.ApplicationLoggerAspect  : -------------------------------

2024-02-19T22:37:12.366+03:00  WARN 43482 --- [http-nio-8080-exec-1] actStandardFragmentInsertionTagProcessor : [THYMELEAF][http-nio-8080-exec-1][main/home] Deprecated unwrapped fragment expression "layouts :: header(title='PMA')" found in template main/home, line 3, col 8. Please use the complete syntax of fragment expressions instead ("~{layouts :: header(title='PMA')}"). The old, unwrapped syntax for fragment expressions will be removed in future versions of Thymeleaf.
2024-02-19T22:37:12.367+03:00  WARN 43482 --- [http-nio-8080-exec-1] actStandardFragmentInsertionTagProcessor : [THYMELEAF][http-nio-8080-exec-1][main/home] Deprecated unwrapped fragment expression "layouts :: navbar" found in template main/home, line 5, col 8. Please use the complete syntax of fragment expressions instead ("~{layouts :: navbar}"). The old, unwrapped syntax for fragment expressions will be removed in future versions of Thymeleaf.
2024-02-19T22:38:05.718+03:00  INFO 43482 --- [File Watcher] rtingClassPathChangeChangedEventListener : Restarting due to 1 class path change (0 additions, 0 deletions, 1 modification)
2024-02-19T22:38:05.748+03:00  INFO 43482 --- [Thread-36] j.LocalContainerEntityManagerFactoryBean : Closing JPA EntityManagerFactory for persistence unit 'default'
2024-02-19T22:38:05.826+03:00  INFO 43482 --- [restartedMain] c.jrp.pma.ProjectManagementApplication   : Starting ProjectManagementApplication using Java 17.0.10 with PID 43482 (/Users/burak/Dev/Spring Workspace/project-management-app/target/classes started by burak in /Users/burak/Dev/Spring Workspace/project-management-app)
2024-02-19T22:38:05.826+03:00 DEBUG 43482 --- [restartedMain] c.jrp.pma.ProjectManagementApplication   : Running with Spring Boot v3.2.2, Spring v6.1.3
2024-02-19T22:38:05.826+03:00  INFO 43482 --- [restartedMain] c.jrp.pma.ProjectManagementApplication   : The following 1 profile is active: "dev"
2024-02-19T22:38:05.875+03:00  INFO 43482 --- [restartedMain] .s.d.r.c.RepositoryConfigurationDelegate : Bootstrapping Spring Data JPA repositories in DEFAULT mode.
2024-02-19T22:38:05.877+03:00  INFO 43482 --- [restartedMain] .s.d.r.c.RepositoryConfigurationDelegate : Finished Spring Data repository scanning in 2 ms. Found 2 JPA repository interfaces.
2024-02-19T22:38:05.913+03:00  INFO 43482 --- [restartedMain] o.s.b.w.embedded.tomcat.TomcatWebServer  : Tomcat initialized with port 8080 (http)
2024-02-19T22:38:05.918+03:00  INFO 43482 --- [restartedMain] w.s.c.ServletWebServerApplicationContext : Root WebApplicationContext: initialization completed in 91 ms
2024-02-19T22:38:05.945+03:00  INFO 43482 --- [restartedMain] o.s.b.a.h2.H2ConsoleAutoConfiguration    : H2 console available at '/h2-console'. Database available at 'jdbc:postgresql://localhost:5432/pma'
2024-02-19T22:38:05.960+03:00  INFO 43482 --- [restartedMain] o.s.o.j.p.SpringPersistenceUnitInfo      : No LoadTimeWeaver setup: ignoring JPA class transformer
2024-02-19T22:38:05.988+03:00  INFO 43482 --- [restartedMain] j.LocalContainerEntityManagerFactoryBean : Initialized JPA EntityManagerFactory for persistence unit 'default'
2024-02-19T22:38:06.022+03:00  WARN 43482 --- [restartedMain] JpaBaseConfiguration$JpaWebConfiguration : spring.jpa.open-in-view is enabled by default. Therefore, database queries may be performed during view rendering. Explicitly configure spring.jpa.open-in-view to disable this warning
2024-02-19T22:38:06.070+03:00  INFO 43482 --- [restartedMain] o.s.b.d.a.OptionalLiveReloadServer       : LiveReload server is running on port 35729
2024-02-19T22:38:06.075+03:00  INFO 43482 --- [restartedMain] o.s.b.w.embedded.tomcat.TomcatWebServer  : Tomcat started on port 8080 (http) with context path ''
2024-02-19T22:38:06.078+03:00  INFO 43482 --- [restartedMain] c.jrp.pma.ProjectManagementApplication   : Started ProjectManagementApplication in 0.261 seconds (process running for 1514.344)
2024-02-19T22:38:06.079+03:00  INFO 43482 --- [restartedMain] .ConditionEvaluationDeltaLoggingListener : Condition evaluation unchanged
2024-02-19T22:38:08.468+03:00  INFO 43482 --- [http-nio-8080-exec-1] o.s.web.servlet.DispatcherServlet        : Initializing Servlet 'dispatcherServlet'
2024-02-19T22:38:08.469+03:00  INFO 43482 --- [http-nio-8080-exec-1] o.s.web.servlet.DispatcherServlet        : Completed initialization in 1 ms
2024-02-19T22:38:08.471+03:00 DEBUG 43482 --- [http-nio-8080-exec-1] c.j.pma.logging.ApplicationLoggerAspect  : ------Before Controller------
2024-02-19T22:38:08.471+03:00 DEBUG 43482 --- [http-nio-8080-exec-1] c.j.pma.logging.ApplicationLoggerAspect  : com.jrp.pma.controllers.HomeController
2024-02-19T22:38:08.471+03:00 DEBUG 43482 --- [http-nio-8080-exec-1] c.j.pma.logging.ApplicationLoggerAspect  : displayHome
2024-02-19T22:38:08.471+03:00 DEBUG 43482 --- [http-nio-8080-exec-1] c.j.pma.logging.ApplicationLoggerAspect  : [{}]
2024-02-19T22:38:08.471+03:00 DEBUG 43482 --- [http-nio-8080-exec-1] c.j.pma.logging.ApplicationLoggerAspect  : -------------------------------
2024-02-19T22:38:08.518+03:00  WARN 43482 --- [http-nio-8080-exec-1] actStandardFragmentInsertionTagProcessor : [THYMELEAF][http-nio-8080-exec-1][main/home] Deprecated unwrapped fragment expression "layouts :: header(title='PMA')" found in template main/home, line 3, col 8. Please use the complete syntax of fragment expressions instead ("~{layouts :: header(title='PMA')}"). The old, unwrapped syntax for fragment expressions will be removed in future versions of Thymeleaf.
2024-02-19T22:38:08.519+03:00  WARN 43482 --- [http-nio-8080-exec-1] actStandardFragmentInsertionTagProcessor : [THYMELEAF][http-nio-8080-exec-1][main/home] Deprecated unwrapped fragment expression "layouts :: navbar" found in template main/home, line 5, col 8. Please use the complete syntax of fragment expressions instead ("~{layouts :: navbar}"). The old, unwrapped syntax for fragment expressions will be removed in future versions of Thymeleaf.
2024-02-19T22:38:25.721+03:00  INFO 43482 --- [File Watcher] rtingClassPathChangeChangedEventListener : Restarting due to 1 class path change (0 additions, 0 deletions, 1 modification)
2024-02-19T22:38:25.751+03:00  INFO 43482 --- [Thread-40] j.LocalContainerEntityManagerFactoryBean : Closing JPA EntityManagerFactory for persistence unit 'default'
2024-02-19T22:38:25.823+03:00  INFO 43482 --- [restartedMain] c.jrp.pma.ProjectManagementApplication   : Starting ProjectManagementApplication using Java 17.0.10 with PID 43482 (/Users/burak/Dev/Spring Workspace/project-management-app/target/classes started by burak in /Users/burak/Dev/Spring Workspace/project-management-app)
2024-02-19T22:38:25.823+03:00 DEBUG 43482 --- [restartedMain] c.jrp.pma.ProjectManagementApplication   : Running with Spring Boot v3.2.2, Spring v6.1.3
2024-02-19T22:38:25.823+03:00  INFO 43482 --- [restartedMain] c.jrp.pma.ProjectManagementApplication   : The following 1 profile is active: "dev"
2024-02-19T22:38:25.872+03:00  INFO 43482 --- [restartedMain] .s.d.r.c.RepositoryConfigurationDelegate : Bootstrapping Spring Data JPA repositories in DEFAULT mode.
2024-02-19T22:38:25.875+03:00  INFO 43482 --- [restartedMain] .s.d.r.c.RepositoryConfigurationDelegate : Finished Spring Data repository scanning in 3 ms. Found 2 JPA repository interfaces.
2024-02-19T22:38:25.919+03:00  INFO 43482 --- [restartedMain] o.s.b.w.embedded.tomcat.TomcatWebServer  : Tomcat initialized with port 8080 (http)
2024-02-19T22:38:25.923+03:00  INFO 43482 --- [restartedMain] w.s.c.ServletWebServerApplicationContext : Root WebApplicationContext: initialization completed in 99 ms
2024-02-19T22:38:25.936+03:00  INFO 43482 --- [restartedMain] o.s.b.a.h2.H2ConsoleAutoConfiguration    : H2 console available at '/h2-console'. Database available at 'jdbc:postgresql://localhost:5432/pma'
2024-02-19T22:38:25.949+03:00  INFO 43482 --- [restartedMain] o.s.o.j.p.SpringPersistenceUnitInfo      : No LoadTimeWeaver setup: ignoring JPA class transformer
2024-02-19T22:38:25.973+03:00  INFO 43482 --- [restartedMain] j.LocalContainerEntityManagerFactoryBean : Initialized JPA EntityManagerFactory for persistence unit 'default'
2024-02-19T22:38:26.011+03:00  WARN 43482 --- [restartedMain] JpaBaseConfiguration$JpaWebConfiguration : spring.jpa.open-in-view is enabled by default. Therefore, database queries may be performed during view rendering. Explicitly configure spring.jpa.open-in-view to disable this warning
2024-02-19T22:38:26.059+03:00  INFO 43482 --- [restartedMain] o.s.b.d.a.OptionalLiveReloadServer       : LiveReload server is running on port 35729
2024-02-19T22:38:26.065+03:00  INFO 43482 --- [restartedMain] o.s.b.w.embedded.tomcat.TomcatWebServer  : Tomcat started on port 8080 (http) with context path ''
2024-02-19T22:38:26.067+03:00  INFO 43482 --- [restartedMain] c.jrp.pma.ProjectManagementApplication   : Started ProjectManagementApplication in 0.254 seconds (process running for 1534.334)
2024-02-19T22:38:26.068+03:00  INFO 43482 --- [restartedMain] .ConditionEvaluationDeltaLoggingListener : Condition evaluation unchanged
2024-02-19T22:38:28.885+03:00  INFO 43482 --- [http-nio-8080-exec-1] o.s.web.servlet.DispatcherServlet        : Initializing Servlet 'dispatcherServlet'
2024-02-19T22:38:28.887+03:00  INFO 43482 --- [http-nio-8080-exec-1] o.s.web.servlet.DispatcherServlet        : Completed initialization in 1 ms
2024-02-19T22:38:28.888+03:00 DEBUG 43482 --- [http-nio-8080-exec-1] c.j.pma.logging.ApplicationLoggerAspect  : ------Before Controller------
2024-02-19T22:38:28.888+03:00 DEBUG 43482 --- [http-nio-8080-exec-1] c.j.pma.logging.ApplicationLoggerAspect  : com.jrp.pma.controllers.HomeController
2024-02-19T22:38:28.888+03:00 DEBUG 43482 --- [http-nio-8080-exec-1] c.j.pma.logging.ApplicationLoggerAspect  : displayHome
2024-02-19T22:38:28.888+03:00 DEBUG 43482 --- [http-nio-8080-exec-1] c.j.pma.logging.ApplicationLoggerAspect  : [{}]
2024-02-19T22:38:28.888+03:00 DEBUG 43482 --- [http-nio-8080-exec-1] c.j.pma.logging.ApplicationLoggerAspect  : -----------------------------
2024-02-19T22:38:28.925+03:00  WARN 43482 --- [http-nio-8080-exec-1] actStandardFragmentInsertionTagProcessor : [THYMELEAF][http-nio-8080-exec-1][main/home] Deprecated unwrapped fragment expression "layouts :: header(title='PMA')" found in template main/home, line 3, col 8. Please use the complete syntax of fragment expressions instead ("~{layouts :: header(title='PMA')}"). The old, unwrapped syntax for fragment expressions will be removed in future versions of Thymeleaf.
2024-02-19T22:38:28.926+03:00  WARN 43482 --- [http-nio-8080-exec-1] actStandardFragmentInsertionTagProcessor : [THYMELEAF][http-nio-8080-exec-1][main/home] Deprecated unwrapped fragment expression "layouts :: navbar" found in template main/home, line 5, col 8. Please use the complete syntax of fragment expressions instead ("~{layouts :: navbar}"). The old, unwrapped syntax for fragment expressions will be removed in future versions of Thymeleaf.
2024-02-19T22:38:57.837+03:00  INFO 43482 --- [File Watcher] rtingClassPathChangeChangedEventListener : Restarting due to 1 class path change (0 additions, 0 deletions, 1 modification)
2024-02-19T22:38:57.869+03:00  INFO 43482 --- [Thread-44] j.LocalContainerEntityManagerFactoryBean : Closing JPA EntityManagerFactory for persistence unit 'default'
2024-02-19T22:38:57.944+03:00  INFO 43482 --- [restartedMain] c.jrp.pma.ProjectManagementApplication   : Starting ProjectManagementApplication using Java 17.0.10 with PID 43482 (/Users/burak/Dev/Spring Workspace/project-management-app/target/classes started by burak in /Users/burak/Dev/Spring Workspace/project-management-app)
2024-02-19T22:38:57.944+03:00 DEBUG 43482 --- [restartedMain] c.jrp.pma.ProjectManagementApplication   : Running with Spring Boot v3.2.2, Spring v6.1.3
2024-02-19T22:38:57.944+03:00  INFO 43482 --- [restartedMain] c.jrp.pma.ProjectManagementApplication   : The following 1 profile is active: "dev"
2024-02-19T22:38:58.001+03:00  INFO 43482 --- [restartedMain] .s.d.r.c.RepositoryConfigurationDelegate : Bootstrapping Spring Data JPA repositories in DEFAULT mode.
2024-02-19T22:38:58.003+03:00  INFO 43482 --- [restartedMain] .s.d.r.c.RepositoryConfigurationDelegate : Finished Spring Data repository scanning in 2 ms. Found 2 JPA repository interfaces.
2024-02-19T22:38:58.040+03:00  INFO 43482 --- [restartedMain] o.s.b.w.embedded.tomcat.TomcatWebServer  : Tomcat initialized with port 8080 (http)
2024-02-19T22:38:58.044+03:00  INFO 43482 --- [restartedMain] w.s.c.ServletWebServerApplicationContext : Root WebApplicationContext: initialization completed in 99 ms
2024-02-19T22:38:58.068+03:00  INFO 43482 --- [restartedMain] o.s.b.a.h2.H2ConsoleAutoConfiguration    : H2 console available at '/h2-console'. Database available at 'jdbc:postgresql://localhost:5432/pma'
2024-02-19T22:38:58.081+03:00  INFO 43482 --- [restartedMain] o.s.o.j.p.SpringPersistenceUnitInfo      : No LoadTimeWeaver setup: ignoring JPA class transformer
2024-02-19T22:38:58.105+03:00  INFO 43482 --- [restartedMain] j.LocalContainerEntityManagerFactoryBean : Initialized JPA EntityManagerFactory for persistence unit 'default'
2024-02-19T22:38:58.142+03:00  WARN 43482 --- [restartedMain] JpaBaseConfiguration$JpaWebConfiguration : spring.jpa.open-in-view is enabled by default. Therefore, database queries may be performed during view rendering. Explicitly configure spring.jpa.open-in-view to disable this warning
2024-02-19T22:38:58.191+03:00  INFO 43482 --- [restartedMain] o.s.b.d.a.OptionalLiveReloadServer       : LiveReload server is running on port 35729
2024-02-19T22:38:58.197+03:00  INFO 43482 --- [restartedMain] o.s.b.w.embedded.tomcat.TomcatWebServer  : Tomcat started on port 8080 (http) with context path ''
2024-02-19T22:38:58.200+03:00  INFO 43482 --- [restartedMain] c.jrp.pma.ProjectManagementApplication   : Started ProjectManagementApplication in 0.265 seconds (process running for 1566.468)
2024-02-19T22:38:58.201+03:00  INFO 43482 --- [restartedMain] .ConditionEvaluationDeltaLoggingListener : Condition evaluation unchanged
2024-02-19T22:39:03.284+03:00  INFO 43482 --- [http-nio-8080-exec-1] o.s.web.servlet.DispatcherServlet        : Initializing Servlet 'dispatcherServlet'
2024-02-19T22:39:03.285+03:00  INFO 43482 --- [http-nio-8080-exec-1] o.s.web.servlet.DispatcherServlet        : Completed initialization in 1 ms
2024-02-19T22:39:03.287+03:00 DEBUG 43482 --- [http-nio-8080-exec-1] c.j.pma.logging.ApplicationLoggerAspect  : ------Before Controller------
2024-02-19T22:39:03.287+03:00 DEBUG 43482 --- [http-nio-8080-exec-1] c.j.pma.logging.ApplicationLoggerAspect  : com.jrp.pma.controllers.EmployeeController
2024-02-19T22:39:03.287+03:00 DEBUG 43482 --- [http-nio-8080-exec-1] c.j.pma.logging.ApplicationLoggerAspect  : showEmployees
2024-02-19T22:39:03.287+03:00 DEBUG 43482 --- [http-nio-8080-exec-1] c.j.pma.logging.ApplicationLoggerAspect  : [{}]
2024-02-19T22:39:03.287+03:00 DEBUG 43482 --- [http-nio-8080-exec-1] c.j.pma.logging.ApplicationLoggerAspect  : -----------------------------
2024-02-19T22:39:03.304+03:00 DEBUG 43482 --- [http-nio-8080-exec-1] c.j.pma.logging.ApplicationLoggerAspect  : ------Before Controller------
2024-02-19T22:39:03.304+03:00 DEBUG 43482 --- [http-nio-8080-exec-1] c.j.pma.logging.ApplicationLoggerAspect  : com.jrp.pma.controllers.EmployeeController
2024-02-19T22:39:03.304+03:00 DEBUG 43482 --- [http-nio-8080-exec-1] c.j.pma.logging.ApplicationLoggerAspect  : showEmployees
2024-02-19T22:39:03.304+03:00 DEBUG 43482 --- [http-nio-8080-exec-1] c.j.pma.logging.ApplicationLoggerAspect  : [{employees=[com.jrp.pma.entities.Employee@10a82d87, com.jrp.pma.entities.Employee@6ad3e2f4]}]
2024-02-19T22:39:03.304+03:00 DEBUG 43482 --- [http-nio-8080-exec-1] c.j.pma.logging.ApplicationLoggerAspect  : -----------------------------
2024-02-19T22:39:03.325+03:00  WARN 43482 --- [http-nio-8080-exec-1] actStandardFragmentInsertionTagProcessor : [THYMELEAF][http-nio-8080-exec-1][employees/list-employees] Deprecated unwrapped fragment expression "layouts :: header(title='PMA: Employees')" found in template employees/list-employees, line 3, col 8. Please use the complete syntax of fragment expressions instead ("~{layouts :: header(title='PMA: Employees')}"). The old, unwrapped syntax for fragment expressions will be removed in future versions of Thymeleaf.
2024-02-19T22:39:03.326+03:00  WARN 43482 --- [http-nio-8080-exec-1] actStandardFragmentInsertionTagProcessor : [THYMELEAF][http-nio-8080-exec-1][employees/list-employees] Deprecated unwrapped fragment expression "layouts :: navbar" found in template employees/list-employees, line 5, col 8. Please use the complete syntax of fragment expressions instead ("~{layouts :: navbar}"). The old, unwrapped syntax for fragment expressions will be removed in future versions of Thymeleaf.
2024-02-19T22:39:24.766+03:00 DEBUG 43482 --- [http-nio-8080-exec-2] c.j.pma.logging.ApplicationLoggerAspect  : ------Before Controller------
2024-02-19T22:39:24.766+03:00 DEBUG 43482 --- [http-nio-8080-exec-2] c.j.pma.logging.ApplicationLoggerAspect  : com.jrp.pma.controllers.EmployeeController
2024-02-19T22:39:24.766+03:00 DEBUG 43482 --- [http-nio-8080-exec-2] c.j.pma.logging.ApplicationLoggerAspect  : showEmployeeForm
2024-02-19T22:39:24.766+03:00 DEBUG 43482 --- [http-nio-8080-exec-2] c.j.pma.logging.ApplicationLoggerAspect  : [{}]
2024-02-19T22:39:24.766+03:00 DEBUG 43482 --- [http-nio-8080-exec-2] c.j.pma.logging.ApplicationLoggerAspect  : -----------------------------
2024-02-19T22:39:24.766+03:00 DEBUG 43482 --- [http-nio-8080-exec-2] c.j.pma.logging.ApplicationLoggerAspect  : ------Before Controller------
2024-02-19T22:39:24.766+03:00 DEBUG 43482 --- [http-nio-8080-exec-2] c.j.pma.logging.ApplicationLoggerAspect  : com.jrp.pma.controllers.EmployeeController
2024-02-19T22:39:24.766+03:00 DEBUG 43482 --- [http-nio-8080-exec-2] c.j.pma.logging.ApplicationLoggerAspect  : showEmployeeForm
2024-02-19T22:39:24.766+03:00 DEBUG 43482 --- [http-nio-8080-exec-2] c.j.pma.logging.ApplicationLoggerAspect  : [{employee=com.jrp.pma.entities.Employee@90860b8}]
2024-02-19T22:39:24.766+03:00 DEBUG 43482 --- [http-nio-8080-exec-2] c.j.pma.logging.ApplicationLoggerAspect  : -----------------------------
2024-02-19T22:39:24.768+03:00  WARN 43482 --- [http-nio-8080-exec-2] actStandardFragmentInsertionTagProcessor : [THYMELEAF][http-nio-8080-exec-2][employees/new-employee] Deprecated unwrapped fragment expression "layouts :: header(title='PMA: Create Employee')" found in template employees/new-employee, line 3, col 8. Please use the complete syntax of fragment expressions instead ("~{layouts :: header(title='PMA: Create Employee')}"). The old, unwrapped syntax for fragment expressions will be removed in future versions of Thymeleaf.
2024-02-19T22:39:24.769+03:00  WARN 43482 --- [http-nio-8080-exec-2] actStandardFragmentInsertionTagProcessor : [THYMELEAF][http-nio-8080-exec-2][employees/new-employee] Deprecated unwrapped fragment expression "layouts :: navbar" found in template employees/new-employee, line 5, col 8. Please use the complete syntax of fragment expressions instead ("~{layouts :: navbar}"). The old, unwrapped syntax for fragment expressions will be removed in future versions of Thymeleaf.
2024-02-19T22:39:31.493+03:00 DEBUG 43482 --- [http-nio-8080-exec-3] c.j.pma.logging.ApplicationLoggerAspect  : ------Before Controller------
2024-02-19T22:39:31.493+03:00 DEBUG 43482 --- [http-nio-8080-exec-3] c.j.pma.logging.ApplicationLoggerAspect  : com.jrp.pma.controllers.ProjectController
2024-02-19T22:39:31.493+03:00 DEBUG 43482 --- [http-nio-8080-exec-3] c.j.pma.logging.ApplicationLoggerAspect  : displayProjects
2024-02-19T22:39:31.493+03:00 DEBUG 43482 --- [http-nio-8080-exec-3] c.j.pma.logging.ApplicationLoggerAspect  : [{}]
2024-02-19T22:39:31.493+03:00 DEBUG 43482 --- [http-nio-8080-exec-3] c.j.pma.logging.ApplicationLoggerAspect  : -----------------------------
2024-02-19T22:39:31.497+03:00 DEBUG 43482 --- [http-nio-8080-exec-3] c.j.pma.logging.ApplicationLoggerAspect  : ------Before Controller------
2024-02-19T22:39:31.497+03:00 DEBUG 43482 --- [http-nio-8080-exec-3] c.j.pma.logging.ApplicationLoggerAspect  : com.jrp.pma.controllers.ProjectController
2024-02-19T22:39:31.497+03:00 DEBUG 43482 --- [http-nio-8080-exec-3] c.j.pma.logging.ApplicationLoggerAspect  : displayProjects
2024-02-19T22:39:31.497+03:00 DEBUG 43482 --- [http-nio-8080-exec-3] c.j.pma.logging.ApplicationLoggerAspect  : [{projects=[com.jrp.pma.entities.Project@50f1717e]}]
2024-02-19T22:39:31.497+03:00 DEBUG 43482 --- [http-nio-8080-exec-3] c.j.pma.logging.ApplicationLoggerAspect  : -----------------------------
2024-02-19T22:39:31.499+03:00  WARN 43482 --- [http-nio-8080-exec-3] actStandardFragmentInsertionTagProcessor : [THYMELEAF][http-nio-8080-exec-3][projects/list-projects] Deprecated unwrapped fragment expression "layouts :: header(title='PMA: Projects')" found in template projects/list-projects, line 3, col 8. Please use the complete syntax of fragment expressions instead ("~{layouts :: header(title='PMA: Projects')}"). The old, unwrapped syntax for fragment expressions will be removed in future versions of Thymeleaf.
2024-02-19T22:39:31.500+03:00  WARN 43482 --- [http-nio-8080-exec-3] actStandardFragmentInsertionTagProcessor : [THYMELEAF][http-nio-8080-exec-3][projects/list-projects] Deprecated unwrapped fragment expression "layouts :: navbar" found in template projects/list-projects, line 5, col 8. Please use the complete syntax of fragment expressions instead ("~{layouts :: navbar}"). The old, unwrapped syntax for fragment expressions will be removed in future versions of Thymeleaf.
2024-02-19T22:39:34.444+03:00 DEBUG 43482 --- [http-nio-8080-exec-4] c.j.pma.logging.ApplicationLoggerAspect  : ------Before Controller------
2024-02-19T22:39:34.444+03:00 DEBUG 43482 --- [http-nio-8080-exec-4] c.j.pma.logging.ApplicationLoggerAspect  : com.jrp.pma.controllers.ProjectController
2024-02-19T22:39:34.444+03:00 DEBUG 43482 --- [http-nio-8080-exec-4] c.j.pma.logging.ApplicationLoggerAspect  : displayProjectForm
2024-02-19T22:39:34.444+03:00 DEBUG 43482 --- [http-nio-8080-exec-4] c.j.pma.logging.ApplicationLoggerAspect  : [{}]
2024-02-19T22:39:34.444+03:00 DEBUG 43482 --- [http-nio-8080-exec-4] c.j.pma.logging.ApplicationLoggerAspect  : -----------------------------
2024-02-19T22:39:34.447+03:00 DEBUG 43482 --- [http-nio-8080-exec-4] c.j.pma.logging.ApplicationLoggerAspect  : ------Before Controller------
2024-02-19T22:39:34.447+03:00 DEBUG 43482 --- [http-nio-8080-exec-4] c.j.pma.logging.ApplicationLoggerAspect  : com.jrp.pma.controllers.ProjectController
2024-02-19T22:39:34.447+03:00 DEBUG 43482 --- [http-nio-8080-exec-4] c.j.pma.logging.ApplicationLoggerAspect  : displayProjectForm
2024-02-19T22:39:34.447+03:00 DEBUG 43482 --- [http-nio-8080-exec-4] c.j.pma.logging.ApplicationLoggerAspect  : [{project=com.jrp.pma.entities.Project@646258dc, employees=[com.jrp.pma.entities.Employee@25bc0d2b, com.jrp.pma.entities.Employee@2dcee04c]}]
2024-02-19T22:39:34.447+03:00 DEBUG 43482 --- [http-nio-8080-exec-4] c.j.pma.logging.ApplicationLoggerAspect  : -----------------------------
2024-02-19T22:39:34.449+03:00  WARN 43482 --- [http-nio-8080-exec-4] actStandardFragmentInsertionTagProcessor : [THYMELEAF][http-nio-8080-exec-4][projects/new-project] Deprecated unwrapped fragment expression "layouts :: header(title='PMA: Create Project')" found in template projects/new-project, line 3, col 8. Please use the complete syntax of fragment expressions instead ("~{layouts :: header(title='PMA: Create Project')}"). The old, unwrapped syntax for fragment expressions will be removed in future versions of Thymeleaf.
2024-02-19T22:39:34.450+03:00  WARN 43482 --- [http-nio-8080-exec-4] actStandardFragmentInsertionTagProcessor : [THYMELEAF][http-nio-8080-exec-4][projects/new-project] Deprecated unwrapped fragment expression "layouts :: navbar" found in template projects/new-project, line 5, col 8. Please use the complete syntax of fragment expressions instead ("~{layouts :: navbar}"). The old, unwrapped syntax for fragment expressions will be removed in future versions of Thymeleaf.
2024-02-19T22:40:13.549+03:00  INFO 43482 --- [File Watcher] rtingClassPathChangeChangedEventListener : Restarting due to 1 class path change (0 additions, 0 deletions, 1 modification)
2024-02-19T22:40:13.562+03:00  INFO 43482 --- [Thread-48] j.LocalContainerEntityManagerFactoryBean : Closing JPA EntityManagerFactory for persistence unit 'default'
2024-02-19T22:40:13.627+03:00  INFO 43482 --- [restartedMain] c.jrp.pma.ProjectManagementApplication   : Starting ProjectManagementApplication using Java 17.0.10 with PID 43482 (/Users/burak/Dev/Spring Workspace/project-management-app/target/classes started by burak in /Users/burak/Dev/Spring Workspace/project-management-app)
2024-02-19T22:40:13.627+03:00 DEBUG 43482 --- [restartedMain] c.jrp.pma.ProjectManagementApplication   : Running with Spring Boot v3.2.2, Spring v6.1.3
2024-02-19T22:40:13.627+03:00  INFO 43482 --- [restartedMain] c.jrp.pma.ProjectManagementApplication   : The following 1 profile is active: "dev"
2024-02-19T22:40:13.686+03:00  INFO 43482 --- [restartedMain] .s.d.r.c.RepositoryConfigurationDelegate : Bootstrapping Spring Data JPA repositories in DEFAULT mode.
2024-02-19T22:40:13.689+03:00  INFO 43482 --- [restartedMain] .s.d.r.c.RepositoryConfigurationDelegate : Finished Spring Data repository scanning in 2 ms. Found 2 JPA repository interfaces.
2024-02-19T22:40:13.724+03:00  INFO 43482 --- [restartedMain] o.s.b.w.embedded.tomcat.TomcatWebServer  : Tomcat initialized with port 8080 (http)
2024-02-19T22:40:13.728+03:00  INFO 43482 --- [restartedMain] w.s.c.ServletWebServerApplicationContext : Root WebApplicationContext: initialization completed in 100 ms
2024-02-19T22:40:13.744+03:00  INFO 43482 --- [restartedMain] o.s.b.a.h2.H2ConsoleAutoConfiguration    : H2 console available at '/h2-console'. Database available at 'jdbc:postgresql://localhost:5432/pma'
2024-02-19T22:40:13.757+03:00  INFO 43482 --- [restartedMain] o.s.o.j.p.SpringPersistenceUnitInfo      : No LoadTimeWeaver setup: ignoring JPA class transformer
2024-02-19T22:40:13.784+03:00  INFO 43482 --- [restartedMain] j.LocalContainerEntityManagerFactoryBean : Initialized JPA EntityManagerFactory for persistence unit 'default'
2024-02-19T22:40:13.825+03:00  WARN 43482 --- [restartedMain] JpaBaseConfiguration$JpaWebConfiguration : spring.jpa.open-in-view is enabled by default. Therefore, database queries may be performed during view rendering. Explicitly configure spring.jpa.open-in-view to disable this warning
2024-02-19T22:40:13.873+03:00  INFO 43482 --- [restartedMain] o.s.b.d.a.OptionalLiveReloadServer       : LiveReload server is running on port 35729
2024-02-19T22:40:13.878+03:00  INFO 43482 --- [restartedMain] o.s.b.w.embedded.tomcat.TomcatWebServer  : Tomcat started on port 8080 (http) with context path ''
2024-02-19T22:40:13.881+03:00  INFO 43482 --- [restartedMain] c.jrp.pma.ProjectManagementApplication   : Started ProjectManagementApplication in 0.263 seconds (process running for 1642.152)
2024-02-19T22:40:13.882+03:00  INFO 43482 --- [restartedMain] .ConditionEvaluationDeltaLoggingListener : Condition evaluation unchanged
2024-02-19T22:40:29.542+03:00  INFO 43482 --- [http-nio-8080-exec-1] o.s.web.servlet.DispatcherServlet        : Initializing Servlet 'dispatcherServlet'
2024-02-19T22:40:29.543+03:00  INFO 43482 --- [http-nio-8080-exec-1] o.s.web.servlet.DispatcherServlet        : Completed initialization in 1 ms
2024-02-19T22:40:29.545+03:00 DEBUG 43482 --- [http-nio-8080-exec-1] c.j.pma.logging.ApplicationLoggerAspect  : ------Before Controller------
2024-02-19T22:40:29.545+03:00 DEBUG 43482 --- [http-nio-8080-exec-1] c.j.pma.logging.ApplicationLoggerAspect  : com.jrp.pma.controllers.HomeController
2024-02-19T22:40:29.545+03:00 DEBUG 43482 --- [http-nio-8080-exec-1] c.j.pma.logging.ApplicationLoggerAspect  : displayHome
2024-02-19T22:40:29.545+03:00 DEBUG 43482 --- [http-nio-8080-exec-1] c.j.pma.logging.ApplicationLoggerAspect  : [{}]
2024-02-19T22:40:29.545+03:00 DEBUG 43482 --- [http-nio-8080-exec-1] c.j.pma.logging.ApplicationLoggerAspect  : -----------------------------
2024-02-19T22:40:29.566+03:00 DEBUG 43482 --- [http-nio-8080-exec-1] c.j.pma.logging.ApplicationLoggerAspect  : ------After Controller------
2024-02-19T22:40:29.566+03:00 DEBUG 43482 --- [http-nio-8080-exec-1] c.j.pma.logging.ApplicationLoggerAspect  : com.jrp.pma.controllers.HomeController
2024-02-19T22:40:29.566+03:00 DEBUG 43482 --- [http-nio-8080-exec-1] c.j.pma.logging.ApplicationLoggerAspect  : displayHome
2024-02-19T22:40:29.566+03:00 DEBUG 43482 --- [http-nio-8080-exec-1] c.j.pma.logging.ApplicationLoggerAspect  : [{chartData=[{"projectStage":"NOTSTARTED","pidCount":1}], projects=[com.jrp.pma.entities.Project@263b6e07], employeesWithCnt=[org.springframework.data.jpa.repository.query.AbstractJpaQuery$TupleConverter$TupleBackedMap@c47067e, org.springframework.data.jpa.repository.query.AbstractJpaQuery$TupleConverter$TupleBackedMap@4c263593]}]
2024-02-19T22:40:29.566+03:00 DEBUG 43482 --- [http-nio-8080-exec-1] c.j.pma.logging.ApplicationLoggerAspect  : ----------------------------
2024-02-19T22:40:29.581+03:00  WARN 43482 --- [http-nio-8080-exec-1] actStandardFragmentInsertionTagProcessor : [THYMELEAF][http-nio-8080-exec-1][main/home] Deprecated unwrapped fragment expression "layouts :: header(title='PMA')" found in template main/home, line 3, col 8. Please use the complete syntax of fragment expressions instead ("~{layouts :: header(title='PMA')}"). The old, unwrapped syntax for fragment expressions will be removed in future versions of Thymeleaf.
2024-02-19T22:40:29.582+03:00  WARN 43482 --- [http-nio-8080-exec-1] actStandardFragmentInsertionTagProcessor : [THYMELEAF][http-nio-8080-exec-1][main/home] Deprecated unwrapped fragment expression "layouts :: navbar" found in template main/home, line 5, col 8. Please use the complete syntax of fragment expressions instead ("~{layouts :: navbar}"). The old, unwrapped syntax for fragment expressions will be removed in future versions of Thymeleaf.
2024-02-19T22:40:39.792+03:00 DEBUG 43482 --- [http-nio-8080-exec-2] c.j.pma.logging.ApplicationLoggerAspect  : ------Before Controller------
2024-02-19T22:40:39.793+03:00 DEBUG 43482 --- [http-nio-8080-exec-2] c.j.pma.logging.ApplicationLoggerAspect  : com.jrp.pma.controllers.EmployeeController
2024-02-19T22:40:39.793+03:00 DEBUG 43482 --- [http-nio-8080-exec-2] c.j.pma.logging.ApplicationLoggerAspect  : showEmployees
2024-02-19T22:40:39.793+03:00 DEBUG 43482 --- [http-nio-8080-exec-2] c.j.pma.logging.ApplicationLoggerAspect  : [{}]
2024-02-19T22:40:39.793+03:00 DEBUG 43482 --- [http-nio-8080-exec-2] c.j.pma.logging.ApplicationLoggerAspect  : -----------------------------
2024-02-19T22:40:39.797+03:00 DEBUG 43482 --- [http-nio-8080-exec-2] c.j.pma.logging.ApplicationLoggerAspect  : ------After Controller------
2024-02-19T22:40:39.797+03:00 DEBUG 43482 --- [http-nio-8080-exec-2] c.j.pma.logging.ApplicationLoggerAspect  : com.jrp.pma.controllers.EmployeeController
2024-02-19T22:40:39.797+03:00 DEBUG 43482 --- [http-nio-8080-exec-2] c.j.pma.logging.ApplicationLoggerAspect  : showEmployees
2024-02-19T22:40:39.797+03:00 DEBUG 43482 --- [http-nio-8080-exec-2] c.j.pma.logging.ApplicationLoggerAspect  : [{employees=[com.jrp.pma.entities.Employee@48478da1, com.jrp.pma.entities.Employee@7818fa39]}]
2024-02-19T22:40:39.797+03:00 DEBUG 43482 --- [http-nio-8080-exec-2] c.j.pma.logging.ApplicationLoggerAspect  : ----------------------------
2024-02-19T22:40:39.799+03:00  WARN 43482 --- [http-nio-8080-exec-2] actStandardFragmentInsertionTagProcessor : [THYMELEAF][http-nio-8080-exec-2][employees/list-employees] Deprecated unwrapped fragment expression "layouts :: header(title='PMA: Employees')" found in template employees/list-employees, line 3, col 8. Please use the complete syntax of fragment expressions instead ("~{layouts :: header(title='PMA: Employees')}"). The old, unwrapped syntax for fragment expressions will be removed in future versions of Thymeleaf.
2024-02-19T22:40:39.800+03:00  WARN 43482 --- [http-nio-8080-exec-2] actStandardFragmentInsertionTagProcessor : [THYMELEAF][http-nio-8080-exec-2][employees/list-employees] Deprecated unwrapped fragment expression "layouts :: navbar" found in template employees/list-employees, line 5, col 8. Please use the complete syntax of fragment expressions instead ("~{layouts :: navbar}"). The old, unwrapped syntax for fragment expressions will be removed in future versions of Thymeleaf.
2024-02-19T22:40:45.960+03:00 DEBUG 43482 --- [http-nio-8080-exec-3] c.j.pma.logging.ApplicationLoggerAspect  : ------Before Controller------
2024-02-19T22:40:45.960+03:00 DEBUG 43482 --- [http-nio-8080-exec-3] c.j.pma.logging.ApplicationLoggerAspect  : com.jrp.pma.controllers.EmployeeController
2024-02-19T22:40:45.960+03:00 DEBUG 43482 --- [http-nio-8080-exec-3] c.j.pma.logging.ApplicationLoggerAspect  : showEmployeeForm
2024-02-19T22:40:45.960+03:00 DEBUG 43482 --- [http-nio-8080-exec-3] c.j.pma.logging.ApplicationLoggerAspect  : [{}]
2024-02-19T22:40:45.960+03:00 DEBUG 43482 --- [http-nio-8080-exec-3] c.j.pma.logging.ApplicationLoggerAspect  : -----------------------------
2024-02-19T22:40:45.960+03:00 DEBUG 43482 --- [http-nio-8080-exec-3] c.j.pma.logging.ApplicationLoggerAspect  : ------After Controller------
2024-02-19T22:40:45.960+03:00 DEBUG 43482 --- [http-nio-8080-exec-3] c.j.pma.logging.ApplicationLoggerAspect  : com.jrp.pma.controllers.EmployeeController
2024-02-19T22:40:45.960+03:00 DEBUG 43482 --- [http-nio-8080-exec-3] c.j.pma.logging.ApplicationLoggerAspect  : showEmployeeForm
2024-02-19T22:40:45.960+03:00 DEBUG 43482 --- [http-nio-8080-exec-3] c.j.pma.logging.ApplicationLoggerAspect  : [{employee=com.jrp.pma.entities.Employee@2c5c7b1d}]
2024-02-19T22:40:45.960+03:00 DEBUG 43482 --- [http-nio-8080-exec-3] c.j.pma.logging.ApplicationLoggerAspect  : ----------------------------
2024-02-19T22:40:45.962+03:00  WARN 43482 --- [http-nio-8080-exec-3] actStandardFragmentInsertionTagProcessor : [THYMELEAF][http-nio-8080-exec-3][employees/new-employee] Deprecated unwrapped fragment expression "layouts :: header(title='PMA: Create Employee')" found in template employees/new-employee, line 3, col 8. Please use the complete syntax of fragment expressions instead ("~{layouts :: header(title='PMA: Create Employee')}"). The old, unwrapped syntax for fragment expressions will be removed in future versions of Thymeleaf.
2024-02-19T22:40:45.963+03:00  WARN 43482 --- [http-nio-8080-exec-3] actStandardFragmentInsertionTagProcessor : [THYMELEAF][http-nio-8080-exec-3][employees/new-employee] Deprecated unwrapped fragment expression "layouts :: navbar" found in template employees/new-employee, line 5, col 8. Please use the complete syntax of fragment expressions instead ("~{layouts :: navbar}"). The old, unwrapped syntax for fragment expressions will be removed in future versions of Thymeleaf.
2024-02-19T22:41:11.590+03:00 DEBUG 43482 --- [http-nio-8080-exec-4] c.j.pma.logging.ApplicationLoggerAspect  : ------Before Controller------
2024-02-19T22:41:11.591+03:00 DEBUG 43482 --- [http-nio-8080-exec-4] c.j.pma.logging.ApplicationLoggerAspect  : com.jrp.pma.controllers.EmployeeController
2024-02-19T22:41:11.591+03:00 DEBUG 43482 --- [http-nio-8080-exec-4] c.j.pma.logging.ApplicationLoggerAspect  : showEmployeeForm
2024-02-19T22:41:11.591+03:00 DEBUG 43482 --- [http-nio-8080-exec-4] c.j.pma.logging.ApplicationLoggerAspect  : [{employee=com.jrp.pma.entities.Employee@2b817ea8, org.springframework.validation.BindingResult.employee=org.springframework.validation.BeanPropertyBindingResult: 0 errors}, com.jrp.pma.entities.Employee@2b817ea8]
2024-02-19T22:41:11.591+03:00 DEBUG 43482 --- [http-nio-8080-exec-4] c.j.pma.logging.ApplicationLoggerAspect  : -----------------------------
2024-02-19T22:41:11.601+03:00 DEBUG 43482 --- [http-nio-8080-exec-4] c.j.pma.logging.ApplicationLoggerAspect  : ------After Controller------
2024-02-19T22:41:11.601+03:00 DEBUG 43482 --- [http-nio-8080-exec-4] c.j.pma.logging.ApplicationLoggerAspect  : com.jrp.pma.controllers.EmployeeController
2024-02-19T22:41:11.601+03:00 DEBUG 43482 --- [http-nio-8080-exec-4] c.j.pma.logging.ApplicationLoggerAspect  : showEmployeeForm
2024-02-19T22:41:11.601+03:00 DEBUG 43482 --- [http-nio-8080-exec-4] c.j.pma.logging.ApplicationLoggerAspect  : [{employee=com.jrp.pma.entities.Employee@2b817ea8, org.springframework.validation.BindingResult.employee=org.springframework.validation.BeanPropertyBindingResult: 0 errors}, com.jrp.pma.entities.Employee@2b817ea8]
2024-02-19T22:41:11.601+03:00 DEBUG 43482 --- [http-nio-8080-exec-4] c.j.pma.logging.ApplicationLoggerAspect  : ----------------------------
2024-02-19T22:41:11.610+03:00 DEBUG 43482 --- [http-nio-8080-exec-5] c.j.pma.logging.ApplicationLoggerAspect  : ------Before Controller------
2024-02-19T22:41:11.610+03:00 DEBUG 43482 --- [http-nio-8080-exec-5] c.j.pma.logging.ApplicationLoggerAspect  : com.jrp.pma.controllers.EmployeeController
2024-02-19T22:41:11.610+03:00 DEBUG 43482 --- [http-nio-8080-exec-5] c.j.pma.logging.ApplicationLoggerAspect  : showEmployees
2024-02-19T22:41:11.610+03:00 DEBUG 43482 --- [http-nio-8080-exec-5] c.j.pma.logging.ApplicationLoggerAspect  : [{}]
2024-02-19T22:41:11.610+03:00 DEBUG 43482 --- [http-nio-8080-exec-5] c.j.pma.logging.ApplicationLoggerAspect  : -----------------------------
2024-02-19T22:41:11.614+03:00 DEBUG 43482 --- [http-nio-8080-exec-5] c.j.pma.logging.ApplicationLoggerAspect  : ------After Controller------
2024-02-19T22:41:11.614+03:00 DEBUG 43482 --- [http-nio-8080-exec-5] c.j.pma.logging.ApplicationLoggerAspect  : com.jrp.pma.controllers.EmployeeController
2024-02-19T22:41:11.614+03:00 DEBUG 43482 --- [http-nio-8080-exec-5] c.j.pma.logging.ApplicationLoggerAspect  : showEmployees
2024-02-19T22:41:11.614+03:00 DEBUG 43482 --- [http-nio-8080-exec-5] c.j.pma.logging.ApplicationLoggerAspect  : [{employees=[com.jrp.pma.entities.Employee@946c2a0, com.jrp.pma.entities.Employee@1b0cde02, com.jrp.pma.entities.Employee@d08bf4f]}]
2024-02-19T22:41:11.614+03:00 DEBUG 43482 --- [http-nio-8080-exec-5] c.j.pma.logging.ApplicationLoggerAspect  : ----------------------------
2024-02-19T22:41:11.615+03:00  WARN 43482 --- [http-nio-8080-exec-5] actStandardFragmentInsertionTagProcessor : [THYMELEAF][http-nio-8080-exec-5][employees/list-employees] Deprecated unwrapped fragment expression "layouts :: header(title='PMA: Employees')" found in template employees/list-employees, line 3, col 8. Please use the complete syntax of fragment expressions instead ("~{layouts :: header(title='PMA: Employees')}"). The old, unwrapped syntax for fragment expressions will be removed in future versions of Thymeleaf.
2024-02-19T22:41:11.616+03:00  WARN 43482 --- [http-nio-8080-exec-5] actStandardFragmentInsertionTagProcessor : [THYMELEAF][http-nio-8080-exec-5][employees/list-employees] Deprecated unwrapped fragment expression "layouts :: navbar" found in template employees/list-employees, line 5, col 8. Please use the complete syntax of fragment expressions instead ("~{layouts :: navbar}"). The old, unwrapped syntax for fragment expressions will be removed in future versions of Thymeleaf.
2024-02-19T22:41:57.774+03:00 DEBUG 43482 --- [http-nio-8080-exec-6] c.j.pma.logging.ApplicationLoggerAspect  : ------Before Controller------
2024-02-19T22:41:57.775+03:00 DEBUG 43482 --- [http-nio-8080-exec-6] c.j.pma.logging.ApplicationLoggerAspect  : com.jrp.pma.controllers.HomeController
2024-02-19T22:41:57.775+03:00 DEBUG 43482 --- [http-nio-8080-exec-6] c.j.pma.logging.ApplicationLoggerAspect  : displayHome
2024-02-19T22:41:57.775+03:00 DEBUG 43482 --- [http-nio-8080-exec-6] c.j.pma.logging.ApplicationLoggerAspect  : [{}]
2024-02-19T22:41:57.775+03:00 DEBUG 43482 --- [http-nio-8080-exec-6] c.j.pma.logging.ApplicationLoggerAspect  : -----------------------------
2024-02-19T22:41:57.786+03:00 DEBUG 43482 --- [http-nio-8080-exec-6] c.j.pma.logging.ApplicationLoggerAspect  : ------After Controller------
2024-02-19T22:41:57.786+03:00 DEBUG 43482 --- [http-nio-8080-exec-6] c.j.pma.logging.ApplicationLoggerAspect  : com.jrp.pma.controllers.HomeController
2024-02-19T22:41:57.787+03:00 DEBUG 43482 --- [http-nio-8080-exec-6] c.j.pma.logging.ApplicationLoggerAspect  : displayHome
2024-02-19T22:41:57.787+03:00 DEBUG 43482 --- [http-nio-8080-exec-6] c.j.pma.logging.ApplicationLoggerAspect  : [{chartData=[{"projectStage":"NOTSTARTED","pidCount":1}], projects=[com.jrp.pma.entities.Project@56e1f9dc], employeesWithCnt=[org.springframework.data.jpa.repository.query.AbstractJpaQuery$TupleConverter$TupleBackedMap@7a40b54, org.springframework.data.jpa.repository.query.AbstractJpaQuery$TupleConverter$TupleBackedMap@53c3aa5c, org.springframework.data.jpa.repository.query.AbstractJpaQuery$TupleConverter$TupleBackedMap@53df34b]}]
2024-02-19T22:41:57.787+03:00 DEBUG 43482 --- [http-nio-8080-exec-6] c.j.pma.logging.ApplicationLoggerAspect  : ----------------------------
2024-02-19T22:41:57.789+03:00  WARN 43482 --- [http-nio-8080-exec-6] actStandardFragmentInsertionTagProcessor : [THYMELEAF][http-nio-8080-exec-6][main/home] Deprecated unwrapped fragment expression "layouts :: header(title='PMA')" found in template main/home, line 3, col 8. Please use the complete syntax of fragment expressions instead ("~{layouts :: header(title='PMA')}"). The old, unwrapped syntax for fragment expressions will be removed in future versions of Thymeleaf.
2024-02-19T22:41:57.790+03:00  WARN 43482 --- [http-nio-8080-exec-6] actStandardFragmentInsertionTagProcessor : [THYMELEAF][http-nio-8080-exec-6][main/home] Deprecated unwrapped fragment expression "layouts :: navbar" found in template main/home, line 5, col 8. Please use the complete syntax of fragment expressions instead ("~{layouts :: navbar}"). The old, unwrapped syntax for fragment expressions will be removed in future versions of Thymeleaf.
2024-02-19T22:42:52.834+03:00 DEBUG 43482 --- [http-nio-8080-exec-7] c.j.pma.logging.ApplicationLoggerAspect  : ------Before Controller------
2024-02-19T22:42:52.835+03:00 DEBUG 43482 --- [http-nio-8080-exec-7] c.j.pma.logging.ApplicationLoggerAspect  : com.jrp.pma.controllers.HomeController
2024-02-19T22:42:52.835+03:00 DEBUG 43482 --- [http-nio-8080-exec-7] c.j.pma.logging.ApplicationLoggerAspect  : displayHome
2024-02-19T22:42:52.835+03:00 DEBUG 43482 --- [http-nio-8080-exec-7] c.j.pma.logging.ApplicationLoggerAspect  : [{}]
2024-02-19T22:42:52.835+03:00 DEBUG 43482 --- [http-nio-8080-exec-7] c.j.pma.logging.ApplicationLoggerAspect  : -----------------------------
2024-02-19T22:42:52.846+03:00 DEBUG 43482 --- [http-nio-8080-exec-7] c.j.pma.logging.ApplicationLoggerAspect  : ------After Controller------
2024-02-19T22:42:52.846+03:00 DEBUG 43482 --- [http-nio-8080-exec-7] c.j.pma.logging.ApplicationLoggerAspect  : com.jrp.pma.controllers.HomeController
2024-02-19T22:42:52.846+03:00 DEBUG 43482 --- [http-nio-8080-exec-7] c.j.pma.logging.ApplicationLoggerAspect  : displayHome
2024-02-19T22:42:52.846+03:00 DEBUG 43482 --- [http-nio-8080-exec-7] c.j.pma.logging.ApplicationLoggerAspect  : [{chartData=[{"projectStage":"NOTSTARTED","pidCount":1}], projects=[com.jrp.pma.entities.Project@72a6b876], employeesWithCnt=[org.springframework.data.jpa.repository.query.AbstractJpaQuery$TupleConverter$TupleBackedMap@5b8bcf82, org.springframework.data.jpa.repository.query.AbstractJpaQuery$TupleConverter$TupleBackedMap@89080c2, org.springframework.data.jpa.repository.query.AbstractJpaQuery$TupleConverter$TupleBackedMap@1484f045]}]
2024-02-19T22:42:52.846+03:00 DEBUG 43482 --- [http-nio-8080-exec-7] c.j.pma.logging.ApplicationLoggerAspect  : ----------------------------
2024-02-19T22:42:52.848+03:00  WARN 43482 --- [http-nio-8080-exec-7] actStandardFragmentInsertionTagProcessor : [THYMELEAF][http-nio-8080-exec-7][main/home] Deprecated unwrapped fragment expression "layouts :: header(title='PMA')" found in template main/home, line 3, col 8. Please use the complete syntax of fragment expressions instead ("~{layouts :: header(title='PMA')}"). The old, unwrapped syntax for fragment expressions will be removed in future versions of Thymeleaf.
2024-02-19T22:42:52.850+03:00  WARN 43482 --- [http-nio-8080-exec-7] actStandardFragmentInsertionTagProcessor : [THYMELEAF][http-nio-8080-exec-7][main/home] Deprecated unwrapped fragment expression "layouts :: navbar" found in template main/home, line 5, col 8. Please use the complete syntax of fragment expressions instead ("~{layouts :: navbar}"). The old, unwrapped syntax for fragment expressions will be removed in future versions of Thymeleaf.
2024-02-19T22:47:53.694+03:00  INFO 43482 --- [File Watcher] rtingClassPathChangeChangedEventListener : Restarting due to 1 class path change (0 additions, 0 deletions, 1 modification)
2024-02-19T22:47:53.707+03:00  INFO 43482 --- [Thread-52] j.LocalContainerEntityManagerFactoryBean : Closing JPA EntityManagerFactory for persistence unit 'default'
2024-02-19T22:47:53.788+03:00  INFO 43482 --- [restartedMain] c.jrp.pma.ProjectManagementApplication   : Starting ProjectManagementApplication using Java 17.0.10 with PID 43482 (/Users/burak/Dev/Spring Workspace/project-management-app/target/classes started by burak in /Users/burak/Dev/Spring Workspace/project-management-app)
2024-02-19T22:47:53.788+03:00 DEBUG 43482 --- [restartedMain] c.jrp.pma.ProjectManagementApplication   : Running with Spring Boot v3.2.2, Spring v6.1.3
2024-02-19T22:47:53.788+03:00  INFO 43482 --- [restartedMain] c.jrp.pma.ProjectManagementApplication   : The following 1 profile is active: "dev"
2024-02-19T22:47:53.862+03:00  INFO 43482 --- [restartedMain] .s.d.r.c.RepositoryConfigurationDelegate : Bootstrapping Spring Data JPA repositories in DEFAULT mode.
2024-02-19T22:47:53.865+03:00  INFO 43482 --- [restartedMain] .s.d.r.c.RepositoryConfigurationDelegate : Finished Spring Data repository scanning in 2 ms. Found 2 JPA repository interfaces.
2024-02-19T22:47:53.912+03:00  INFO 43482 --- [restartedMain] o.s.b.w.embedded.tomcat.TomcatWebServer  : Tomcat initialized with port 8080 (http)
2024-02-19T22:47:53.916+03:00  INFO 43482 --- [restartedMain] w.s.c.ServletWebServerApplicationContext : Root WebApplicationContext: initialization completed in 127 ms
2024-02-19T22:47:53.943+03:00  INFO 43482 --- [restartedMain] o.s.b.a.h2.H2ConsoleAutoConfiguration    : H2 console available at '/h2-console'. Database available at 'jdbc:postgresql://localhost:5432/pma'
2024-02-19T22:47:53.957+03:00  INFO 43482 --- [restartedMain] o.s.o.j.p.SpringPersistenceUnitInfo      : No LoadTimeWeaver setup: ignoring JPA class transformer
2024-02-19T22:47:53.992+03:00  INFO 43482 --- [restartedMain] j.LocalContainerEntityManagerFactoryBean : Initialized JPA EntityManagerFactory for persistence unit 'default'
2024-02-19T22:47:54.029+03:00  WARN 43482 --- [restartedMain] JpaBaseConfiguration$JpaWebConfiguration : spring.jpa.open-in-view is enabled by default. Therefore, database queries may be performed during view rendering. Explicitly configure spring.jpa.open-in-view to disable this warning
2024-02-19T22:47:54.087+03:00  INFO 43482 --- [restartedMain] o.s.b.d.a.OptionalLiveReloadServer       : LiveReload server is running on port 35729
2024-02-19T22:47:54.093+03:00  INFO 43482 --- [restartedMain] o.s.b.w.embedded.tomcat.TomcatWebServer  : Tomcat started on port 8080 (http) with context path ''
2024-02-19T22:47:54.097+03:00  INFO 43482 --- [restartedMain] c.jrp.pma.ProjectManagementApplication   : Started ProjectManagementApplication in 0.319 seconds (process running for 2102.385)
2024-02-19T22:47:54.098+03:00  INFO 43482 --- [restartedMain] .ConditionEvaluationDeltaLoggingListener : Condition evaluation unchanged
2024-02-19T22:48:05.543+03:00  INFO 43482 --- [http-nio-8080-exec-1] o.s.web.servlet.DispatcherServlet        : Initializing Servlet 'dispatcherServlet'
2024-02-19T22:48:05.545+03:00  INFO 43482 --- [http-nio-8080-exec-1] o.s.web.servlet.DispatcherServlet        : Completed initialization in 1 ms
2024-02-19T22:48:05.547+03:00 DEBUG 43482 --- [http-nio-8080-exec-1] c.j.pma.logging.ApplicationLoggerAspect  : ------Before Controller------
2024-02-19T22:48:05.547+03:00 DEBUG 43482 --- [http-nio-8080-exec-1] c.j.pma.logging.ApplicationLoggerAspect  : com.jrp.pma.controllers.HomeController
2024-02-19T22:48:05.547+03:00 DEBUG 43482 --- [http-nio-8080-exec-1] c.j.pma.logging.ApplicationLoggerAspect  : displayHome
2024-02-19T22:48:05.547+03:00 DEBUG 43482 --- [http-nio-8080-exec-1] c.j.pma.logging.ApplicationLoggerAspect  : [{}]
2024-02-19T22:48:05.547+03:00 DEBUG 43482 --- [http-nio-8080-exec-1] c.j.pma.logging.ApplicationLoggerAspect  : -----------------------------
2024-02-19T22:48:05.548+03:00 DEBUG 43482 --- [http-nio-8080-exec-1] c.j.pma.logging.ApplicationLoggerAspect  : ------Before Controller------
2024-02-19T22:48:05.548+03:00 DEBUG 43482 --- [http-nio-8080-exec-1] c.j.pma.logging.ApplicationLoggerAspect  : com.jrp.pma.services.ProjectService
2024-02-19T22:48:05.548+03:00 DEBUG 43482 --- [http-nio-8080-exec-1] c.j.pma.logging.ApplicationLoggerAspect  : getAll
2024-02-19T22:48:05.548+03:00 DEBUG 43482 --- [http-nio-8080-exec-1] c.j.pma.logging.ApplicationLoggerAspect  : []
2024-02-19T22:48:05.548+03:00 DEBUG 43482 --- [http-nio-8080-exec-1] c.j.pma.logging.ApplicationLoggerAspect  : -----------------------------
2024-02-19T22:48:05.556+03:00 DEBUG 43482 --- [http-nio-8080-exec-1] c.j.pma.logging.ApplicationLoggerAspect  : ------After Controller------
2024-02-19T22:48:05.556+03:00 DEBUG 43482 --- [http-nio-8080-exec-1] c.j.pma.logging.ApplicationLoggerAspect  : com.jrp.pma.services.ProjectService
2024-02-19T22:48:05.556+03:00 DEBUG 43482 --- [http-nio-8080-exec-1] c.j.pma.logging.ApplicationLoggerAspect  : getAll
2024-02-19T22:48:05.556+03:00 DEBUG 43482 --- [http-nio-8080-exec-1] c.j.pma.logging.ApplicationLoggerAspect  : []
2024-02-19T22:48:05.556+03:00 DEBUG 43482 --- [http-nio-8080-exec-1] c.j.pma.logging.ApplicationLoggerAspect  : ----------------------------
2024-02-19T22:48:05.556+03:00 DEBUG 43482 --- [http-nio-8080-exec-1] c.j.pma.logging.ApplicationLoggerAspect  : ------Before Controller------
2024-02-19T22:48:05.556+03:00 DEBUG 43482 --- [http-nio-8080-exec-1] c.j.pma.logging.ApplicationLoggerAspect  : com.jrp.pma.services.EmployeeService
2024-02-19T22:48:05.556+03:00 DEBUG 43482 --- [http-nio-8080-exec-1] c.j.pma.logging.ApplicationLoggerAspect  : employeeProjects
2024-02-19T22:48:05.556+03:00 DEBUG 43482 --- [http-nio-8080-exec-1] c.j.pma.logging.ApplicationLoggerAspect  : []
2024-02-19T22:48:05.556+03:00 DEBUG 43482 --- [http-nio-8080-exec-1] c.j.pma.logging.ApplicationLoggerAspect  : -----------------------------
2024-02-19T22:48:05.567+03:00 DEBUG 43482 --- [http-nio-8080-exec-1] c.j.pma.logging.ApplicationLoggerAspect  : ------After Controller------
2024-02-19T22:48:05.567+03:00 DEBUG 43482 --- [http-nio-8080-exec-1] c.j.pma.logging.ApplicationLoggerAspect  : com.jrp.pma.services.EmployeeService
2024-02-19T22:48:05.567+03:00 DEBUG 43482 --- [http-nio-8080-exec-1] c.j.pma.logging.ApplicationLoggerAspect  : employeeProjects
2024-02-19T22:48:05.567+03:00 DEBUG 43482 --- [http-nio-8080-exec-1] c.j.pma.logging.ApplicationLoggerAspect  : []
2024-02-19T22:48:05.567+03:00 DEBUG 43482 --- [http-nio-8080-exec-1] c.j.pma.logging.ApplicationLoggerAspect  : ----------------------------
2024-02-19T22:48:05.567+03:00 DEBUG 43482 --- [http-nio-8080-exec-1] c.j.pma.logging.ApplicationLoggerAspect  : ------Before Controller------
2024-02-19T22:48:05.567+03:00 DEBUG 43482 --- [http-nio-8080-exec-1] c.j.pma.logging.ApplicationLoggerAspect  : com.jrp.pma.services.ProjectService
2024-02-19T22:48:05.567+03:00 DEBUG 43482 --- [http-nio-8080-exec-1] c.j.pma.logging.ApplicationLoggerAspect  : getChartData
2024-02-19T22:48:05.567+03:00 DEBUG 43482 --- [http-nio-8080-exec-1] c.j.pma.logging.ApplicationLoggerAspect  : []
2024-02-19T22:48:05.567+03:00 DEBUG 43482 --- [http-nio-8080-exec-1] c.j.pma.logging.ApplicationLoggerAspect  : -----------------------------
2024-02-19T22:48:05.570+03:00 DEBUG 43482 --- [http-nio-8080-exec-1] c.j.pma.logging.ApplicationLoggerAspect  : ------After Controller------
2024-02-19T22:48:05.570+03:00 DEBUG 43482 --- [http-nio-8080-exec-1] c.j.pma.logging.ApplicationLoggerAspect  : com.jrp.pma.services.ProjectService
2024-02-19T22:48:05.570+03:00 DEBUG 43482 --- [http-nio-8080-exec-1] c.j.pma.logging.ApplicationLoggerAspect  : getChartData
2024-02-19T22:48:05.570+03:00 DEBUG 43482 --- [http-nio-8080-exec-1] c.j.pma.logging.ApplicationLoggerAspect  : []
2024-02-19T22:48:05.570+03:00 DEBUG 43482 --- [http-nio-8080-exec-1] c.j.pma.logging.ApplicationLoggerAspect  : ----------------------------
2024-02-19T22:48:05.572+03:00 DEBUG 43482 --- [http-nio-8080-exec-1] c.j.pma.logging.ApplicationLoggerAspect  : ------After Controller------
2024-02-19T22:48:05.572+03:00 DEBUG 43482 --- [http-nio-8080-exec-1] c.j.pma.logging.ApplicationLoggerAspect  : com.jrp.pma.controllers.HomeController
2024-02-19T22:48:05.572+03:00 DEBUG 43482 --- [http-nio-8080-exec-1] c.j.pma.logging.ApplicationLoggerAspect  : displayHome
2024-02-19T22:48:05.572+03:00 DEBUG 43482 --- [http-nio-8080-exec-1] c.j.pma.logging.ApplicationLoggerAspect  : [{chartData=[{"projectStage":"NOTSTARTED","pidCount":1}], projects=[com.jrp.pma.entities.Project@6d64026b], employeesWithCnt=[org.springframework.data.jpa.repository.query.AbstractJpaQuery$TupleConverter$TupleBackedMap@72acdd38, org.springframework.data.jpa.repository.query.AbstractJpaQuery$TupleConverter$TupleBackedMap@4c6b33a4, org.springframework.data.jpa.repository.query.AbstractJpaQuery$TupleConverter$TupleBackedMap@7f8a21bb]}]
2024-02-19T22:48:05.572+03:00 DEBUG 43482 --- [http-nio-8080-exec-1] c.j.pma.logging.ApplicationLoggerAspect  : ----------------------------
2024-02-19T22:48:05.589+03:00  WARN 43482 --- [http-nio-8080-exec-1] actStandardFragmentInsertionTagProcessor : [THYMELEAF][http-nio-8080-exec-1][main/home] Deprecated unwrapped fragment expression "layouts :: header(title='PMA')" found in template main/home, line 3, col 8. Please use the complete syntax of fragment expressions instead ("~{layouts :: header(title='PMA')}"). The old, unwrapped syntax for fragment expressions will be removed in future versions of Thymeleaf.
2024-02-19T22:48:05.590+03:00  WARN 43482 --- [http-nio-8080-exec-1] actStandardFragmentInsertionTagProcessor : [THYMELEAF][http-nio-8080-exec-1][main/home] Deprecated unwrapped fragment expression "layouts :: navbar" found in template main/home, line 5, col 8. Please use the complete syntax of fragment expressions instead ("~{layouts :: navbar}"). The old, unwrapped syntax for fragment expressions will be removed in future versions of Thymeleaf.
2024-02-19T22:48:19.789+03:00  INFO 43482 --- [File Watcher] rtingClassPathChangeChangedEventListener : Restarting due to 1 class path change (0 additions, 0 deletions, 1 modification)
2024-02-19T22:48:19.798+03:00  INFO 43482 --- [Thread-56] j.LocalContainerEntityManagerFactoryBean : Closing JPA EntityManagerFactory for persistence unit 'default'
2024-02-19T22:48:19.870+03:00  INFO 43482 --- [restartedMain] c.jrp.pma.ProjectManagementApplication   : Starting ProjectManagementApplication using Java 17.0.10 with PID 43482 (/Users/burak/Dev/Spring Workspace/project-management-app/target/classes started by burak in /Users/burak/Dev/Spring Workspace/project-management-app)
2024-02-19T22:48:19.870+03:00 DEBUG 43482 --- [restartedMain] c.jrp.pma.ProjectManagementApplication   : Running with Spring Boot v3.2.2, Spring v6.1.3
2024-02-19T22:48:19.870+03:00  INFO 43482 --- [restartedMain] c.jrp.pma.ProjectManagementApplication   : The following 1 profile is active: "dev"
2024-02-19T22:48:19.924+03:00  INFO 43482 --- [restartedMain] .s.d.r.c.RepositoryConfigurationDelegate : Bootstrapping Spring Data JPA repositories in DEFAULT mode.
2024-02-19T22:48:19.927+03:00  INFO 43482 --- [restartedMain] .s.d.r.c.RepositoryConfigurationDelegate : Finished Spring Data repository scanning in 2 ms. Found 2 JPA repository interfaces.
2024-02-19T22:48:19.965+03:00  INFO 43482 --- [restartedMain] o.s.b.w.embedded.tomcat.TomcatWebServer  : Tomcat initialized with port 8080 (http)
2024-02-19T22:48:19.969+03:00  INFO 43482 --- [restartedMain] w.s.c.ServletWebServerApplicationContext : Root WebApplicationContext: initialization completed in 98 ms
2024-02-19T22:48:19.995+03:00  INFO 43482 --- [restartedMain] o.s.b.a.h2.H2ConsoleAutoConfiguration    : H2 console available at '/h2-console'. Database available at 'jdbc:postgresql://localhost:5432/pma'
2024-02-19T22:48:20.009+03:00  INFO 43482 --- [restartedMain] o.s.o.j.p.SpringPersistenceUnitInfo      : No LoadTimeWeaver setup: ignoring JPA class transformer
2024-02-19T22:48:20.032+03:00  INFO 43482 --- [restartedMain] j.LocalContainerEntityManagerFactoryBean : Initialized JPA EntityManagerFactory for persistence unit 'default'
2024-02-19T22:48:20.066+03:00  WARN 43482 --- [restartedMain] JpaBaseConfiguration$JpaWebConfiguration : spring.jpa.open-in-view is enabled by default. Therefore, database queries may be performed during view rendering. Explicitly configure spring.jpa.open-in-view to disable this warning
2024-02-19T22:48:20.118+03:00  INFO 43482 --- [restartedMain] o.s.b.d.a.OptionalLiveReloadServer       : LiveReload server is running on port 35729
2024-02-19T22:48:20.124+03:00  INFO 43482 --- [restartedMain] o.s.b.w.embedded.tomcat.TomcatWebServer  : Tomcat started on port 8080 (http) with context path ''
2024-02-19T22:48:20.126+03:00  INFO 43482 --- [restartedMain] c.jrp.pma.ProjectManagementApplication   : Started ProjectManagementApplication in 0.266 seconds (process running for 2128.416)
2024-02-19T22:48:20.127+03:00  INFO 43482 --- [restartedMain] .ConditionEvaluationDeltaLoggingListener : Condition evaluation unchanged
2024-02-19T22:48:22.455+03:00  INFO 43482 --- [http-nio-8080-exec-1] o.s.web.servlet.DispatcherServlet        : Initializing Servlet 'dispatcherServlet'
2024-02-19T22:48:22.456+03:00  INFO 43482 --- [http-nio-8080-exec-1] o.s.web.servlet.DispatcherServlet        : Completed initialization in 1 ms
2024-02-19T22:48:22.458+03:00 DEBUG 43482 --- [http-nio-8080-exec-1] c.j.pma.logging.ApplicationLoggerAspect  : ------Before Controller------
2024-02-19T22:48:22.458+03:00 DEBUG 43482 --- [http-nio-8080-exec-1] c.j.pma.logging.ApplicationLoggerAspect  : com.jrp.pma.controllers.HomeController
2024-02-19T22:48:22.458+03:00 DEBUG 43482 --- [http-nio-8080-exec-1] c.j.pma.logging.ApplicationLoggerAspect  : displayHome
2024-02-19T22:48:22.458+03:00 DEBUG 43482 --- [http-nio-8080-exec-1] c.j.pma.logging.ApplicationLoggerAspect  : [{}]
2024-02-19T22:48:22.458+03:00 DEBUG 43482 --- [http-nio-8080-exec-1] c.j.pma.logging.ApplicationLoggerAspect  : -----------------------------
2024-02-19T22:48:22.458+03:00 DEBUG 43482 --- [http-nio-8080-exec-1] c.j.pma.logging.ApplicationLoggerAspect  : ------Before Service------
2024-02-19T22:48:22.458+03:00 DEBUG 43482 --- [http-nio-8080-exec-1] c.j.pma.logging.ApplicationLoggerAspect  : com.jrp.pma.services.ProjectService
2024-02-19T22:48:22.458+03:00 DEBUG 43482 --- [http-nio-8080-exec-1] c.j.pma.logging.ApplicationLoggerAspect  : getAll
2024-02-19T22:48:22.458+03:00 DEBUG 43482 --- [http-nio-8080-exec-1] c.j.pma.logging.ApplicationLoggerAspect  : []
2024-02-19T22:48:22.458+03:00 DEBUG 43482 --- [http-nio-8080-exec-1] c.j.pma.logging.ApplicationLoggerAspect  : -----------------------------
2024-02-19T22:48:22.476+03:00 DEBUG 43482 --- [http-nio-8080-exec-1] c.j.pma.logging.ApplicationLoggerAspect  : ------After Service------
2024-02-19T22:48:22.476+03:00 DEBUG 43482 --- [http-nio-8080-exec-1] c.j.pma.logging.ApplicationLoggerAspect  : com.jrp.pma.services.ProjectService
2024-02-19T22:48:22.476+03:00 DEBUG 43482 --- [http-nio-8080-exec-1] c.j.pma.logging.ApplicationLoggerAspect  : getAll
2024-02-19T22:48:22.476+03:00 DEBUG 43482 --- [http-nio-8080-exec-1] c.j.pma.logging.ApplicationLoggerAspect  : []
2024-02-19T22:48:22.476+03:00 DEBUG 43482 --- [http-nio-8080-exec-1] c.j.pma.logging.ApplicationLoggerAspect  : ----------------------------
2024-02-19T22:48:22.476+03:00 DEBUG 43482 --- [http-nio-8080-exec-1] c.j.pma.logging.ApplicationLoggerAspect  : ------Before Service------
2024-02-19T22:48:22.476+03:00 DEBUG 43482 --- [http-nio-8080-exec-1] c.j.pma.logging.ApplicationLoggerAspect  : com.jrp.pma.services.EmployeeService
2024-02-19T22:48:22.476+03:00 DEBUG 43482 --- [http-nio-8080-exec-1] c.j.pma.logging.ApplicationLoggerAspect  : employeeProjects
2024-02-19T22:48:22.476+03:00 DEBUG 43482 --- [http-nio-8080-exec-1] c.j.pma.logging.ApplicationLoggerAspect  : []
2024-02-19T22:48:22.476+03:00 DEBUG 43482 --- [http-nio-8080-exec-1] c.j.pma.logging.ApplicationLoggerAspect  : -----------------------------
2024-02-19T22:48:22.485+03:00 DEBUG 43482 --- [http-nio-8080-exec-1] c.j.pma.logging.ApplicationLoggerAspect  : ------After Service------
2024-02-19T22:48:22.485+03:00 DEBUG 43482 --- [http-nio-8080-exec-1] c.j.pma.logging.ApplicationLoggerAspect  : com.jrp.pma.services.EmployeeService
2024-02-19T22:48:22.485+03:00 DEBUG 43482 --- [http-nio-8080-exec-1] c.j.pma.logging.ApplicationLoggerAspect  : employeeProjects
2024-02-19T22:48:22.485+03:00 DEBUG 43482 --- [http-nio-8080-exec-1] c.j.pma.logging.ApplicationLoggerAspect  : []
2024-02-19T22:48:22.485+03:00 DEBUG 43482 --- [http-nio-8080-exec-1] c.j.pma.logging.ApplicationLoggerAspect  : ----------------------------
2024-02-19T22:48:22.485+03:00 DEBUG 43482 --- [http-nio-8080-exec-1] c.j.pma.logging.ApplicationLoggerAspect  : ------Before Service------
2024-02-19T22:48:22.485+03:00 DEBUG 43482 --- [http-nio-8080-exec-1] c.j.pma.logging.ApplicationLoggerAspect  : com.jrp.pma.services.ProjectService
2024-02-19T22:48:22.485+03:00 DEBUG 43482 --- [http-nio-8080-exec-1] c.j.pma.logging.ApplicationLoggerAspect  : getChartData
2024-02-19T22:48:22.485+03:00 DEBUG 43482 --- [http-nio-8080-exec-1] c.j.pma.logging.ApplicationLoggerAspect  : []
2024-02-19T22:48:22.485+03:00 DEBUG 43482 --- [http-nio-8080-exec-1] c.j.pma.logging.ApplicationLoggerAspect  : -----------------------------
2024-02-19T22:48:22.488+03:00 DEBUG 43482 --- [http-nio-8080-exec-1] c.j.pma.logging.ApplicationLoggerAspect  : ------After Service------
2024-02-19T22:48:22.488+03:00 DEBUG 43482 --- [http-nio-8080-exec-1] c.j.pma.logging.ApplicationLoggerAspect  : com.jrp.pma.services.ProjectService
2024-02-19T22:48:22.488+03:00 DEBUG 43482 --- [http-nio-8080-exec-1] c.j.pma.logging.ApplicationLoggerAspect  : getChartData
2024-02-19T22:48:22.488+03:00 DEBUG 43482 --- [http-nio-8080-exec-1] c.j.pma.logging.ApplicationLoggerAspect  : []
2024-02-19T22:48:22.488+03:00 DEBUG 43482 --- [http-nio-8080-exec-1] c.j.pma.logging.ApplicationLoggerAspect  : ----------------------------
2024-02-19T22:48:22.489+03:00 DEBUG 43482 --- [http-nio-8080-exec-1] c.j.pma.logging.ApplicationLoggerAspect  : ------After Controller------
2024-02-19T22:48:22.489+03:00 DEBUG 43482 --- [http-nio-8080-exec-1] c.j.pma.logging.ApplicationLoggerAspect  : com.jrp.pma.controllers.HomeController
2024-02-19T22:48:22.489+03:00 DEBUG 43482 --- [http-nio-8080-exec-1] c.j.pma.logging.ApplicationLoggerAspect  : displayHome
2024-02-19T22:48:22.489+03:00 DEBUG 43482 --- [http-nio-8080-exec-1] c.j.pma.logging.ApplicationLoggerAspect  : [{chartData=[{"projectStage":"NOTSTARTED","pidCount":1}], projects=[com.jrp.pma.entities.Project@3a8db2ef], employeesWithCnt=[org.springframework.data.jpa.repository.query.AbstractJpaQuery$TupleConverter$TupleBackedMap@4f554d6d, org.springframework.data.jpa.repository.query.AbstractJpaQuery$TupleConverter$TupleBackedMap@3a4005a0, org.springframework.data.jpa.repository.query.AbstractJpaQuery$TupleConverter$TupleBackedMap@fddae72]}]
2024-02-19T22:48:22.489+03:00 DEBUG 43482 --- [http-nio-8080-exec-1] c.j.pma.logging.ApplicationLoggerAspect  : ----------------------------
2024-02-19T22:48:22.503+03:00  WARN 43482 --- [http-nio-8080-exec-1] actStandardFragmentInsertionTagProcessor : [THYMELEAF][http-nio-8080-exec-1][main/home] Deprecated unwrapped fragment expression "layouts :: header(title='PMA')" found in template main/home, line 3, col 8. Please use the complete syntax of fragment expressions instead ("~{layouts :: header(title='PMA')}"). The old, unwrapped syntax for fragment expressions will be removed in future versions of Thymeleaf.
2024-02-19T22:48:22.504+03:00  WARN 43482 --- [http-nio-8080-exec-1] actStandardFragmentInsertionTagProcessor : [THYMELEAF][http-nio-8080-exec-1][main/home] Deprecated unwrapped fragment expression "layouts :: navbar" found in template main/home, line 5, col 8. Please use the complete syntax of fragment expressions instead ("~{layouts :: navbar}"). The old, unwrapped syntax for fragment expressions will be removed in future versions of Thymeleaf.
2024-02-19T22:49:20.288+03:00  INFO 43482 --- [File Watcher] rtingClassPathChangeChangedEventListener : Restarting due to 1 class path change (0 additions, 0 deletions, 1 modification)
2024-02-19T22:49:20.297+03:00  INFO 43482 --- [Thread-60] j.LocalContainerEntityManagerFactoryBean : Closing JPA EntityManagerFactory for persistence unit 'default'
2024-02-19T22:49:20.376+03:00  INFO 43482 --- [restartedMain] c.jrp.pma.ProjectManagementApplication   : Starting ProjectManagementApplication using Java 17.0.10 with PID 43482 (/Users/burak/Dev/Spring Workspace/project-management-app/target/classes started by burak in /Users/burak/Dev/Spring Workspace/project-management-app)
2024-02-19T22:49:20.376+03:00 DEBUG 43482 --- [restartedMain] c.jrp.pma.ProjectManagementApplication   : Running with Spring Boot v3.2.2, Spring v6.1.3
2024-02-19T22:49:20.376+03:00  INFO 43482 --- [restartedMain] c.jrp.pma.ProjectManagementApplication   : The following 1 profile is active: "dev"
2024-02-19T22:49:20.433+03:00  INFO 43482 --- [restartedMain] .s.d.r.c.RepositoryConfigurationDelegate : Bootstrapping Spring Data JPA repositories in DEFAULT mode.
2024-02-19T22:49:20.435+03:00  INFO 43482 --- [restartedMain] .s.d.r.c.RepositoryConfigurationDelegate : Finished Spring Data repository scanning in 2 ms. Found 2 JPA repository interfaces.
2024-02-19T22:49:20.474+03:00  INFO 43482 --- [restartedMain] o.s.b.w.embedded.tomcat.TomcatWebServer  : Tomcat initialized with port 8080 (http)
2024-02-19T22:49:20.478+03:00  INFO 43482 --- [restartedMain] w.s.c.ServletWebServerApplicationContext : Root WebApplicationContext: initialization completed in 101 ms
2024-02-19T22:49:20.509+03:00  INFO 43482 --- [restartedMain] o.s.b.a.h2.H2ConsoleAutoConfiguration    : H2 console available at '/h2-console'. Database available at 'jdbc:postgresql://localhost:5432/pma'
2024-02-19T22:49:20.522+03:00  INFO 43482 --- [restartedMain] o.s.o.j.p.SpringPersistenceUnitInfo      : No LoadTimeWeaver setup: ignoring JPA class transformer
2024-02-19T22:49:20.557+03:00  INFO 43482 --- [restartedMain] j.LocalContainerEntityManagerFactoryBean : Initialized JPA EntityManagerFactory for persistence unit 'default'
2024-02-19T22:49:20.589+03:00  WARN 43482 --- [restartedMain] JpaBaseConfiguration$JpaWebConfiguration : spring.jpa.open-in-view is enabled by default. Therefore, database queries may be performed during view rendering. Explicitly configure spring.jpa.open-in-view to disable this warning
2024-02-19T22:49:20.634+03:00  INFO 43482 --- [restartedMain] o.s.b.d.a.OptionalLiveReloadServer       : LiveReload server is running on port 35729
2024-02-19T22:49:20.639+03:00  INFO 43482 --- [restartedMain] o.s.b.w.embedded.tomcat.TomcatWebServer  : Tomcat started on port 8080 (http) with context path ''
2024-02-19T22:49:20.642+03:00  INFO 43482 --- [restartedMain] c.jrp.pma.ProjectManagementApplication   : Started ProjectManagementApplication in 0.274 seconds (process running for 2188.934)
2024-02-19T22:49:20.642+03:00  INFO 43482 --- [restartedMain] .ConditionEvaluationDeltaLoggingListener : Condition evaluation unchanged
2024-02-19T22:50:27.600+03:00  INFO 43482 --- [RMI TCP Connection(91)-127.0.0.1] inMXBeanRegistrar$SpringApplicationAdmin : Application shutdown requested.
2024-02-19T22:50:27.614+03:00  INFO 43482 --- [RMI TCP Connection(91)-127.0.0.1] j.LocalContainerEntityManagerFactoryBean : Closing JPA EntityManagerFactory for persistence unit 'default'
2024-02-19T22:50:28.775+03:00  INFO 44087 --- [restartedMain] c.jrp.pma.ProjectManagementApplication   : Starting ProjectManagementApplication using Java 17.0.10 with PID 44087 (/Users/burak/Dev/Spring Workspace/project-management-app/target/classes started by burak in /Users/burak/Dev/Spring Workspace/project-management-app)
2024-02-19T22:50:28.776+03:00 DEBUG 44087 --- [restartedMain] c.jrp.pma.ProjectManagementApplication   : Running with Spring Boot v3.2.2, Spring v6.1.3
2024-02-19T22:50:28.777+03:00  INFO 44087 --- [restartedMain] c.jrp.pma.ProjectManagementApplication   : The following 1 profile is active: "dev"
2024-02-19T22:50:28.800+03:00  INFO 44087 --- [restartedMain] .e.DevToolsPropertyDefaultsPostProcessor : Devtools property defaults active! Set 'spring.devtools.add-properties' to 'false' to disable
2024-02-19T22:50:28.800+03:00  INFO 44087 --- [restartedMain] .e.DevToolsPropertyDefaultsPostProcessor : For additional web related logging consider setting the 'logging.level.web' property to 'DEBUG'
2024-02-19T22:50:29.103+03:00  INFO 44087 --- [restartedMain] .s.d.r.c.RepositoryConfigurationDelegate : Bootstrapping Spring Data JPA repositories in DEFAULT mode.
2024-02-19T22:50:29.128+03:00  INFO 44087 --- [restartedMain] .s.d.r.c.RepositoryConfigurationDelegate : Finished Spring Data repository scanning in 20 ms. Found 2 JPA repository interfaces.
2024-02-19T22:50:29.384+03:00  INFO 44087 --- [restartedMain] o.s.b.w.embedded.tomcat.TomcatWebServer  : Tomcat initialized with port 8080 (http)
2024-02-19T22:50:29.411+03:00  INFO 44087 --- [restartedMain] w.s.c.ServletWebServerApplicationContext : Root WebApplicationContext: initialization completed in 611 ms
2024-02-19T22:50:29.481+03:00  INFO 44087 --- [restartedMain] o.s.b.a.h2.H2ConsoleAutoConfiguration    : H2 console available at '/h2-console'. Database available at 'jdbc:postgresql://localhost:5432/pma'
2024-02-19T22:50:29.704+03:00  INFO 44087 --- [restartedMain] o.s.o.j.p.SpringPersistenceUnitInfo      : No LoadTimeWeaver setup: ignoring JPA class transformer
2024-02-19T22:50:30.162+03:00  INFO 44087 --- [restartedMain] j.LocalContainerEntityManagerFactoryBean : Initialized JPA EntityManagerFactory for persistence unit 'default'
2024-02-19T22:50:30.272+03:00  INFO 44087 --- [restartedMain] o.s.d.j.r.query.QueryEnhancerFactory     : Hibernate is in classpath; If applicable, HQL parser will be used.
2024-02-19T22:50:30.309+03:00  WARN 44087 --- [restartedMain] JpaBaseConfiguration$JpaWebConfiguration : spring.jpa.open-in-view is enabled by default. Therefore, database queries may be performed during view rendering. Explicitly configure spring.jpa.open-in-view to disable this warning
2024-02-19T22:50:30.479+03:00  INFO 44087 --- [restartedMain] o.s.b.d.a.OptionalLiveReloadServer       : LiveReload server is running on port 35729
2024-02-19T22:50:30.498+03:00  INFO 44087 --- [restartedMain] o.s.b.w.embedded.tomcat.TomcatWebServer  : Tomcat started on port 8080 (http) with context path ''
2024-02-19T22:50:30.504+03:00  INFO 44087 --- [restartedMain] c.jrp.pma.ProjectManagementApplication   : Started ProjectManagementApplication in 1.91 seconds (process running for 2.33)
2024-02-19T22:51:07.275+03:00  INFO 44087 --- [http-nio-8080-exec-1] o.s.web.servlet.DispatcherServlet        : Initializing Servlet 'dispatcherServlet'
2024-02-19T22:51:07.282+03:00  INFO 44087 --- [http-nio-8080-exec-1] o.s.web.servlet.DispatcherServlet        : Completed initialization in 5 ms
2024-02-19T22:51:07.550+03:00  WARN 44087 --- [http-nio-8080-exec-1] actStandardFragmentInsertionTagProcessor : [THYMELEAF][http-nio-8080-exec-1][main/home] Deprecated unwrapped fragment expression "layouts :: header(title='PMA')" found in template main/home, line 3, col 8. Please use the complete syntax of fragment expressions instead ("~{layouts :: header(title='PMA')}"). The old, unwrapped syntax for fragment expressions will be removed in future versions of Thymeleaf.
2024-02-19T22:51:07.603+03:00  WARN 44087 --- [http-nio-8080-exec-1] actStandardFragmentInsertionTagProcessor : [THYMELEAF][http-nio-8080-exec-1][main/home] Deprecated unwrapped fragment expression "layouts :: navbar" found in template main/home, line 5, col 8. Please use the complete syntax of fragment expressions instead ("~{layouts :: navbar}"). The old, unwrapped syntax for fragment expressions will be removed in future versions of Thymeleaf.
2024-02-19T22:52:11.926+03:00  INFO 44087 --- [File Watcher] rtingClassPathChangeChangedEventListener : Restarting due to 1 class path change (0 additions, 0 deletions, 1 modification)
2024-02-19T22:52:11.937+03:00  INFO 44087 --- [Thread-5] j.LocalContainerEntityManagerFactoryBean : Closing JPA EntityManagerFactory for persistence unit 'default'
2024-02-19T22:52:12.002+03:00  INFO 44087 --- [restartedMain] c.jrp.pma.ProjectManagementApplication   : Starting ProjectManagementApplication using Java 17.0.10 with PID 44087 (/Users/burak/Dev/Spring Workspace/project-management-app/target/classes started by burak in /Users/burak/Dev/Spring Workspace/project-management-app)
2024-02-19T22:52:12.002+03:00 DEBUG 44087 --- [restartedMain] c.jrp.pma.ProjectManagementApplication   : Running with Spring Boot v3.2.2, Spring v6.1.3
2024-02-19T22:52:12.002+03:00  INFO 44087 --- [restartedMain] c.jrp.pma.ProjectManagementApplication   : The following 1 profile is active: "dev"
2024-02-19T22:52:12.096+03:00  INFO 44087 --- [restartedMain] .s.d.r.c.RepositoryConfigurationDelegate : Bootstrapping Spring Data JPA repositories in DEFAULT mode.
2024-02-19T22:52:12.100+03:00  INFO 44087 --- [restartedMain] .s.d.r.c.RepositoryConfigurationDelegate : Finished Spring Data repository scanning in 4 ms. Found 2 JPA repository interfaces.
2024-02-19T22:52:12.165+03:00  INFO 44087 --- [restartedMain] o.s.b.w.embedded.tomcat.TomcatWebServer  : Tomcat initialized with port 8080 (http)
2024-02-19T22:52:12.171+03:00  INFO 44087 --- [restartedMain] w.s.c.ServletWebServerApplicationContext : Root WebApplicationContext: initialization completed in 167 ms
2024-02-19T22:52:12.184+03:00  INFO 44087 --- [restartedMain] o.s.b.a.h2.H2ConsoleAutoConfiguration    : H2 console available at '/h2-console'. Database available at 'jdbc:postgresql://localhost:5432/pma'
2024-02-19T22:52:12.197+03:00  INFO 44087 --- [restartedMain] o.s.o.j.p.SpringPersistenceUnitInfo      : No LoadTimeWeaver setup: ignoring JPA class transformer
2024-02-19T22:52:12.229+03:00  INFO 44087 --- [restartedMain] j.LocalContainerEntityManagerFactoryBean : Initialized JPA EntityManagerFactory for persistence unit 'default'
2024-02-19T22:52:12.265+03:00  WARN 44087 --- [restartedMain] JpaBaseConfiguration$JpaWebConfiguration : spring.jpa.open-in-view is enabled by default. Therefore, database queries may be performed during view rendering. Explicitly configure spring.jpa.open-in-view to disable this warning
2024-02-19T22:52:12.321+03:00  INFO 44087 --- [restartedMain] o.s.b.d.a.OptionalLiveReloadServer       : LiveReload server is running on port 35729
2024-02-19T22:52:12.328+03:00  INFO 44087 --- [restartedMain] o.s.b.w.embedded.tomcat.TomcatWebServer  : Tomcat started on port 8080 (http) with context path ''
2024-02-19T22:52:12.332+03:00  INFO 44087 --- [restartedMain] c.jrp.pma.ProjectManagementApplication   : Started ProjectManagementApplication in 0.346 seconds (process running for 104.162)
2024-02-19T22:52:12.333+03:00  INFO 44087 --- [restartedMain] .ConditionEvaluationDeltaLoggingListener : Condition evaluation unchanged
